Switching to auto mode
6.33
2265.42
5432.59
8596.59
11757.42
14924.59
13551.41
10387.41
7223.41
4059.41
898.58
-2268.59
-5429.42
-8596.59
-11760.59
-14924.59
-18088.59
-119.94
-119.88
-119.82
-119.76
-119.70
-119.64
-119.58
-119.52
-119.46
-119.40
-119.28
-119.22
-119.15
-119.09
-119.02
-118.96
-118.89
-118.83
-118.76
-118.70
-116.82
-114.65
-112.49
-110.32
-108.16
-105.99
-103.83
-101.66
-99.50
-97.33
-94.51
-91.51
-88.51
-85.51
-82.50
-79.50
-76.50
-73.50
-70.49
-67.49
-62.45
-56.62
-50.79
-44.96
-39.13
-33.30
-27.47
-21.64
-15.81
-9.98
236.21
622.53
1009.62
1396.32
1782.64
2169.73
2556.43
2943.14
3329.84
3716.54
122.04
125.53
129.01
132.50
135.98
139.46
142.95
146.43
149.92
153.40
121.80
125.22
128.64
132.06
135.48
138.90
142.32
145.75
149.16
152.59
121.64
125.01
128.36
131.73
135.09
138.45
141.81
145.17
148.53
151.90
121.32
124.62
127.92
131.23
134.53
137.83
141.13
144.43
147.73
151.03
121.21
124.45
127.69
130.93
134.18
137.42
140.66
143.90
147.14
150.38
120.87
124.06
127.24
130.42
133.60
136.79
139.97
143.15
146.33
120.79
123.93
127.05
130.18
133.31
136.44
139.56
142.69
145.82
148.95
120.54
123.60
126.67
129.74
132.81
135.87
138.94
142.01
145.08
148.14
120.39
123.40
126.41
129.41
132.42
135.43
138.44
141.44
144.45
147.46
120.12
123.07
126.01
128.95
131.90
134.84
137.79
140.73
143.68
146.62
149.57
122.88
125.76
128.64
131.53
134.41
137.30
140.18
143.07
145.95
148.84
122.59
125.42
128.24
131.07
133.89
136.72
139.54
142.36
145.19
148.01
122.41
125.18
127.94
130.71
133.47
136.24
139.00
141.76
144.53
147.29
122.14
124.85
127.55
130.26
132.96
135.67
138.37
141.08
143.78
146.48
122.05
124.69
127.34
129.98
132.63
135.27
137.92
140.56
143.21
145.85
121.73
124.31
126.90
129.48
132.07
134.65
137.24
139.82
142.41
144.99
121.64
124.17
126.69
129.22
131.74
134.27
136.79
139.31
141.84
144.36
121.39
123.85
126.31
128.78
131.24
133.71
136.17
138.63
141.10
143.57
121.24
123.65
126.05
128.45
130.85
133.25
135.65
138.05
140.45
142.86
120.93
123.27
125.61
127.95
130.29
132.63
134.98
137.32
139.66
142.00
120.92
123.20
125.48
127.76
130.05
132.33
134.61
136.89
139.17
141.45
120.66
122.88
125.10
127.32
129.55
131.77
133.99
136.21
138.43
140.65
120.58
122.74
124.90
127.07
129.23
131.39
133.55
135.71
137.88
120.43
122.54
124.65
126.75
128.86
130.97
133.08
135.18
137.29
139.40
120.33
122.38
124.42
126.47
128.52
130.57
132.61
134.66
136.71
138.76
120.16
122.14
124.13
126.12
128.11
130.09
132.08
134.07
136.06
138.05
120.08
122.01
123.94
125.87
127.79
129.72
131.65
133.58
135.50
137.43
139.36
121.75
123.61
125.48
127.34
129.21
131.07
132.94
134.80
136.66
138.53
121.66
123.47
125.27
127.08
128.89
130.69
132.49
134.30
136.11
137.91
121.46
123.21
124.95
126.70
128.44
130.19
131.93
133.68
135.42
137.17
121.34
123.02
124.71
126.39
128.08
129.76
131.45
133.13
134.82
136.50
121.14
122.76
124.38
126.01
127.63
129.26
130.88
132.51
134.13
135.76
121.04
122.60
124.16
125.73
127.29
128.86
130.42
131.99
133.55
135.12
120.85
122.35
123.86
125.37
126.87
128.37
129.88
131.38
132.89
134.39
120.79
122.24
123.68
125.13
126.57
128.01
129.46
130.90
132.35
133.79
120.65
122.03
123.41
124.79
126.17
127.55
128.93
130.32
131.70
133.08
120.56
121.88
123.20
124.52
125.84
127.17
128.49
129.81
131.13
132.45
120.43
121.69
122.96
124.22
125.48
126.74
128.00
129.26
130.52
131.79
120.42
121.62
122.82
124.03
125.23
126.43
127.63
128.83
130.03
120.25
121.40
122.54
123.69
124.84
125.99
127.13
128.28
129.43
130.58
120.21
121.30
122.39
123.48
124.57
125.65
126.74
127.83
128.92
130.00
120.12
121.15
122.18
123.20
124.23
125.26
126.29
127.31
128.34
129.37
120.05
121.03
122.01
122.99
123.97
124.95
125.93
126.91
127.89
128.87
129.85
120.91
121.83
122.75
123.67
124.59
125.51
126.43
127.35
128.27
129.19
120.77
121.62
122.46
123.31
124.15
125.00
125.84
126.69
127.53
128.38
120.67
121.45
122.24
123.02
123.81
124.59
125.38
126.16
126.95
127.73
120.60
121.31
122.03
122.74
123.46
124.17
124.89
125.60
126.32
127.03
120.50
121.16
121.82
122.49
123.15
123.82
124.48
125.15
125.81
126.48
120.42
121.03
121.65
122.26
122.87
123.49
124.10
124.72
125.33
125.94
120.35
120.90
121.44
121.99
122.53
123.08
123.62
124.17
124.71
125.26
120.28
120.77
121.25
121.74
122.22
122.71
123.19
123.68
124.16
124.65
120.21
120.64
121.06
121.49
121.91
122.34
122.76
123.19
123.61
124.04
120.17
120.54
120.90
121.27
121.63
122.00
122.36
122.73
123.09
123.46
120.11
120.41
120.71
121.01
121.32
121.62
121.92
122.22
122.52
122.83
120.09
120.33
120.57
120.81
121.05
121.30
121.54
121.78
122.02
122.26
120.05
120.24
120.42
120.60
120.78
120.96
121.15
121.33
121.51
120.03
120.15
120.28
120.41
120.54
120.67
120.79
120.92
121.05
121.18
120.01
120.08
120.14
120.21
120.28
120.35
120.42
120.48
120.55
120.62
120.00
120.01
120.02
120.02
120.03
120.04
120.05
120.06
120.06
120.07
120.00
119.95
119.89
119.84
119.79
119.74
119.69
119.63
119.58
119.53
119.48
119.36
119.26
119.16
119.06
118.96
118.86
118.76
118.66
118.56
118.45
118.31
118.17
118.03
117.89
117.75
117.61
117.47
117.33
117.19
117.05
116.85
116.68
116.50
116.33
116.15
115.98
115.81
115.63
115.46
115.28
115.04
114.84
114.64
114.44
114.24
114.03
113.83
113.63
113.43
113.23
112.99
112.77
112.55
112.32
112.10
111.87
111.65
111.42
111.20
110.98
110.72
110.48
110.24
110.00
109.76
109.52
109.28
109.04
108.80
108.56
108.26
108.00
107.74
107.48
107.22
106.96
106.70
106.44
106.18
105.92
105.64
105.36
105.09
104.81
104.54
104.27
103.99
103.72
103.44
103.17
102.89
102.60
102.32
102.03
101.75
101.46
101.18
100.89
100.61
100.32
99.97
99.68
99.39
99.09
98.80
98.50
98.21
97.91
97.62
97.32
96.97
96.66
96.36
96.05
95.74
95.44
95.13
94.82
94.52
94.21
93.86
93.55
93.24
92.92
92.61
92.29
91.98
91.66
91.35
90.99
90.67
90.35
90.03
89.71
89.39
89.07
88.75
88.43
88.11
87.78
87.46
87.13
86.80
86.47
86.15
85.82
85.49
85.16
84.84
84.49
84.16
83.83
83.50
83.17
82.84
82.51
82.18
81.85
81.52
81.16
80.83
80.49
80.15
79.82
79.48
79.15
78.81
78.47
78.14
77.76
77.42
77.08
76.74
76.41
76.07
75.73
75.39
75.05
74.72
74.38
74.02
73.68
73.33
72.99
72.64
72.30
71.96
71.61
71.27
70.92
70.55
70.21
69.86
69.52
69.17
68.82
68.48
68.13
67.78
67.44
67.04
66.68
66.33
65.98
65.63
65.28
64.92
64.57
64.22
63.87
63.45
63.10
62.75
62.39
62.04
61.69
61.33
60.98
60.63
60.27
59.88
59.53
59.18
58.83
58.48
58.13
57.78
57.43
57.08
56.73
56.34
55.99
55.63
55.27
54.91
54.56
54.20
53.84
53.48
53.13
52.72
52.37
52.01
51.65
51.30
50.94
50.58
50.23
49.87
49.51
49.14
48.77
48.41
48.04
47.68
47.32
46.95
46.59
46.22
45.86
45.45
45.09
44.73
44.36
44.00
43.64
43.28
42.92
42.56
42.20
41.80
41.45
41.10
40.75
40.40
40.06
39.71
39.36
39.01
38.66
38.29
37.93
37.56
37.20
36.84
36.47
36.11
35.75
35.38
34.99
34.65
34.30
33.95
33.60
33.26
32.91
32.56
32.21
31.87
31.49
31.12
30.74
30.37
29.99
29.62
29.24
28.87
28.50
28.12
27.73
27.37
27.01
26.66
26.30
25.94
25.58
25.23
24.87
24.51
24.15
23.81
23.47
23.13
22.79
22.45
22.11
21.77
21.43
21.09
20.75
20.37
19.99
19.61
19.23
18.85
18.46
18.08
17.70
17.32
16.94
16.54
16.21
15.87
15.53
15.20
14.86
14.52
14.19
13.85
13.51
13.22
12.99
12.75
12.52
12.29
12.05
11.82
11.59
11.35
11.12
10.71
10.30
9.90
9.49
9.09
8.68
8.28
7.87
7.47
7.15
7.15
7.24
7.32
7.41
7.50
7.58
7.19
6.76
6.34
5.91
5.42
4.94
4.46
3.98
3.49
3.23
2.99
2.75
2.51
2.27
3.30
5.02
6.74
7.13
6.01
4.88
3.75
2.63
1.50
0.38
-0.53
-1.30
-2.08
-2.86
-3.64
-3.54
-2.73
-1.93
-1.13
-0.32
-0.48
-1.28
-2.08
-2.88
-3.68
-3.52
-2.72
-1.92
-1.12
-0.32
0.78
2.38
3.98
5.59
7.19
7.19
5.61
4.03
2.45
0.87
-0.33
-1.13
-1.93
-2.73
-3.53
-3.67
-2.87
-2.07
-1.27
-0.47
-0.22
-1.04
-1.86
-2.69
-3.51
-3.71
-2.91
-2.12
-1.32
-0.53
0.51
2.11
3.71
5.31
6.91
7.49
5.89
4.29
2.69
1.10
-0.40
-1.91
-3.41
-3.98
-3.29
-2.60
-1.91
-1.22
-0.53
-0.17
-0.97
-1.77
-2.57
-3.36
-3.83
-3.03
-2.23
-1.43
-0.64
0.22
1.82
3.43
5.03
6.63
7.74
6.16
4.58
3.00
1.42
-0.08
-0.88
-1.68
-2.48
-3.28
-3.92
-3.12
-2.32
-1.52
-0.72
0.08
-0.76
-1.58
-2.41
-3.23
-3.98
-3.18
-2.39
-1.59
-0.80
0.00
1.60
3.20
4.80
6.40
8.00
6.40
4.80
3.20
1.60
-0.00
-0.81
-1.54
-2.27
-3.00
-3.74
-3.38
-2.56
-1.75
-0.93
-0.12
-0.65
-1.45
-2.25
-3.05
-3.85
-3.35
-2.55
-1.75
-0.95
-0.15
1.24
2.84
4.44
6.04
7.65
6.74
5.16
3.58
2.00
0.41
-0.60
-1.38
-2.15
-2.93
-3.71
-3.47
-2.66
-1.86
-1.05
-0.25
-0.41
-1.06
-1.71
-2.36
-3.01
-3.66
-4.31
-2.50
-0.60
1.30
2.60
3.49
4.38
5.27
6.16
7.04
7.93
8.82
9.71
10.60
10.32
10.33
10.34
10.35
9.98
9.58
9.18
8.77
8.37
7.97
6.87
5.02
3.17
1.33
0.55
0.77
0.98
1.20
1.42
1.63
2.11
3.14
4.16
5.18
6.20
6.91
5.85
4.79
3.73
2.67
1.73
1.19
0.64
0.09
-0.46
-1.01
-0.41
0.38
1.18
1.94
2.66
3.37
4.09
4.81
4.86
4.15
3.44
2.73
2.02
0.96
-1.27
-3.49
-5.71
-5.37
-4.53
-3.69
-2.85
-2.00
-1.16
-0.27
0.67
1.61
2.56
3.50
4.02
3.09
2.15
1.22
0.29
-0.45
0.50
1.46
2.41
3.37
4.20
3.24
2.28
1.33
0.37
-0.60
-2.43
-4.26
-6.08
-7.91
-9.74
-7.88
-6.02
-4.16
-2.30
-0.44
0.09
0.55
1.02
1.48
1.94
1.80
1.35
0.90
0.46
0.01
0.42
0.88
1.35
1.81
1.99
1.50
1.01
0.53
0.04
-0.45
-0.38
-0.27
-0.16
-0.05
0.07
0.12
0.09
0.06
0.03
0.00
0.27
0.62
0.97
1.32
1.67
1.77
1.47
1.17
0.87
0.57
-0.96
-2.96
-4.95
-6.95
-8.94
-9.64
-7.15
-4.67
-2.18
0.31
1.60
2.32
3.04
3.76
4.48
5.19
4.54
3.79
3.03
2.27
1.28
0.19
-0.90
-1.99
-2.47
-1.83
-1.19
-0.54
0.10
0.74
0.61
-0.21
-1.03
-1.84
-1.85
-1.60
-1.36
-1.11
-0.87
-0.62
-0.80
-1.46
-2.12
-2.78
-3.43
-3.43
-2.78
-2.13
-1.48
-0.83
0.15
1.61
3.07
4.53
6.00
7.46
6.91
5.14
3.36
1.59
0.26
-0.18
-0.62
-1.07
-1.51
-1.95
-2.39
-1.57
-0.02
1.52
2.60
2.85
3.09
3.34
3.59
3.83
4.08
4.33
4.75
5.06
5.15
5.24
5.34
5.43
5.46
5.36
5.27
5.17
5.07
4.95
4.76
4.57
4.39
4.20
4.01
3.83
3.64
3.45
3.27
3.05
3.00
2.94
2.89
2.83
2.77
2.72
2.66
2.61
2.55
2.46
2.42
2.37
2.33
2.29
2.25
2.20
2.16
2.12
2.08
1.98
1.95
1.91
1.88
1.84
1.81
1.78
1.74
1.71
1.67
1.64
1.60
1.57
1.54
1.52
1.49
1.47
1.44
1.41
1.39
1.36
1.31
1.31
1.30
1.29
1.28
1.27
1.27
1.26
1.25
1.24
1.25
1.31
1.38
1.44
1.50
1.56
1.62
1.69
1.75
1.81
2.00
2.27
2.54
2.81
3.08
3.35
3.62
3.89
4.16
4.43
5.07
5.94
6.81
7.67
8.54
9.40
10.27
11.13
12.00
12.86
158.77
384.54
610.09
836.09
1061.87
1128.39
1052.81
977.15
901.49
825.84
119.53
118.65
117.78
116.90
116.02
115.15
114.27
113.39
112.52
111.64
341.03
789.07
1237.11
1685.16
1761.05
1459.79
1158.53
857.58
556.62
255.36
86.72
86.49
86.27
86.04
85.81
85.59
85.36
85.13
84.90
84.68
84.49
84.36
84.23
84.10
83.97
83.84
83.71
83.58
83.45
83.32
83.19
83.08
82.97
82.86
82.76
82.65
82.54
82.44
82.33
82.17
82.06
81.95
81.83
81.72
81.61
81.50
81.39
81.28
81.17
81.04
80.92
80.81
80.69
80.58
80.46
80.35
80.24
80.12
80.01
80.20
82.67
85.14
87.62
90.09
92.57
95.04
97.51
99.99
102.46
105.55
114.69
123.84
132.99
142.13
151.28
160.43
169.56
178.72
187.85
120.06
121.75
123.44
125.13
126.81
128.50
130.19
131.87
133.56
135.25
136.94
123.79
127.77
131.75
135.73
139.72
143.70
147.69
151.67
155.66
159.64
314.06
526.62
739.17
951.73
1164.28
1376.63
1589.39
1801.95
1850.10
1778.78
120.11
120.24
120.37
120.50
120.63
120.76
120.89
121.02
121.15
121.27
119.86
119.67
119.49
119.31
119.13
118.94
118.76
118.58
118.40
118.21
118.01
117.82
117.64
117.45
117.27
117.08
116.90
116.71
116.53
116.34
116.18
116.03
115.88
115.73
115.58
115.43
115.28
115.13
114.98
114.82
114.64
114.49
114.35
114.21
114.07
113.93
113.79
113.65
113.51
113.37
113.20
113.06
112.92
112.77
112.63
112.48
112.34
112.20
112.05
111.91
111.83
111.94
112.05
112.16
112.26
112.37
112.48
112.59
112.70
112.81
113.89
116.36
118.84
121.31
123.78
126.25
128.72
131.19
133.66
136.13
120.07
120.27
120.48
120.69
120.90
121.11
121.32
121.53
121.74
120.06
120.24
120.41
120.59
120.77
120.94
121.12
121.30
121.47
121.65
120.10
120.51
120.91
121.32
121.73
122.13
122.54
122.94
123.35
123.76
120.19
121.25
122.31
123.37
124.43
125.49
126.54
127.60
128.66
129.72
120.31
122.67
125.03
127.39
129.75
132.11
134.47
136.83
139.19
141.55
122.49
159.62
196.75
233.88
271.01
308.14
345.27
382.40
419.54
456.67
493.76
119.89
119.78
119.67
119.56
119.45
119.34
119.23
119.12
119.00
118.89
118.71
118.56
118.40
118.25
118.09
117.94
117.79
117.63
117.48
117.32
117.16
117.07
116.98
116.89
116.80
116.71
116.62
116.53
116.44
116.35
116.46
116.68
116.89
117.11
117.33
117.55
117.76
117.98
118.20
118.42
118.73
119.12
119.51
119.90
120.29
120.68
121.07
121.46
121.85
122.24
175.18
253.55
331.93
410.30
488.68
566.97
645.35
723.80
802.17
880.55
120.27
120.71
121.16
121.60
122.04
122.49
122.93
123.37
123.81
124.26
120.22
120.60
120.99
121.37
121.76
122.14
122.52
122.91
123.29
123.68
120.58
121.79
123.01
124.22
125.42
126.64
127.85
129.06
130.27
131.48
121.29
124.04
126.79
129.53
132.28
135.02
137.77
140.52
143.26
146.01
120.90
123.29
125.69
128.08
130.48
132.87
135.27
137.66
140.06
142.45
120.62
122.37
124.12
125.86
127.61
129.35
131.10
132.84
134.59
120.46
122.19
123.91
125.64
127.37
129.10
130.83
132.56
134.29
136.02
120.32
121.69
123.07
124.44
125.82
127.20
128.57
129.95
131.33
132.70
120.11
120.87
121.63
122.39
123.15
123.91
124.67
125.43
126.19
126.95
120.05
120.61
121.18
121.74
122.30
122.86
123.42
123.98
124.54
125.10
120.01
120.62
121.22
121.82
122.42
123.02
123.62
124.22
124.83
125.43
126.03
120.61
121.22
121.84
122.46
123.08
123.69
124.31
124.93
125.55
126.16
120.51
121.07
121.64
122.20
122.77
123.34
123.90
124.47
125.04
125.60
120.45
120.95
121.46
121.97
122.47
122.98
123.49
123.99
124.50
125.01
120.34
120.79
121.24
121.68
122.13
122.58
123.02
123.47
123.92
124.36
120.29
120.68
121.06
121.45
121.84
122.22
122.61
122.99
123.38
123.77
120.21
120.54
120.87
121.19
121.52
121.85
122.17
122.50
122.83
123.15
120.16
120.43
120.70
120.96
121.23
121.49
121.76
122.03
122.29
122.56
120.11
120.32
120.52
120.73
120.94
121.14
121.35
121.56
121.76
121.97
120.07
120.22
120.36
120.51
120.66
120.80
120.95
121.10
121.24
121.39
120.03
120.12
120.20
120.28
120.37
120.45
120.54
120.62
120.70
120.79
120.01
120.03
120.06
120.08
120.10
120.13
120.15
120.17
120.20
119.99
119.96
119.93
119.90
119.87
119.84
119.81
119.78
119.75
119.72
119.62
119.54
119.45
119.37
119.29
119.20
119.12
119.04
118.96
118.87
118.78
118.65
118.53
118.40
118.27
118.15
118.02
117.90
117.77
117.64
117.46
117.29
117.13
116.96
116.80
116.63
116.46
116.30
116.13
115.97
115.80
115.59
115.39
115.19
114.98
114.78
114.58
114.38
114.17
113.97
113.76
113.52
113.29
113.06
112.82
112.59
112.35
112.12
111.89
111.65
111.42
111.13
110.89
110.65
110.41
110.17
109.92
109.68
109.44
109.20
108.96
108.68
108.43
108.18
107.93
107.68
107.43
107.17
106.92
106.67
106.42
106.11
105.85
105.58
105.32
105.05
104.79
104.52
104.26
103.99
103.73
103.41
103.13
102.85
102.56
102.28
102.00
101.72
101.44
101.16
100.88
100.54
100.25
99.96
99.68
99.39
99.10
98.81
98.52
98.23
97.94
97.61
97.31
97.02
96.72
96.42
96.13
95.83
95.54
95.24
94.94
94.63
94.31
94.00
93.69
93.38
93.07
92.76
92.44
92.13
91.82
91.46
91.14
90.83
90.51
90.20
89.88
89.56
89.25
88.93
88.62
88.24
87.92
87.60
87.28
86.96
86.64
86.32
85.99
85.67
85.35
85.01
84.68
84.35
84.02
83.69
83.36
83.03
82.69
82.36
82.03
81.68
81.34
81.01
80.67
80.34
80.00
79.66
79.33
78.99
78.63
78.29
77.95
77.61
77.27
76.93
76.59
76.25
75.91
75.57
75.22
74.88
74.54
74.19
73.85
73.50
73.16
72.82
72.47
72.13
71.76
71.41
71.07
70.72
70.38
70.03
69.69
69.34
69.00
68.65
68.26
67.91
67.56
67.21
66.86
66.51
66.16
65.81
65.46
65.11
64.73
64.38
64.03
63.68
63.33
62.98
62.63
62.28
61.93
61.58
61.23
60.87
60.52
60.18
59.83
59.48
59.14
58.79
58.45
58.10
57.75
57.40
57.05
56.70
56.34
55.99
55.64
55.29
54.94
54.59
54.23
53.82
53.46
53.09
52.73
52.37
52.01
51.65
51.28
50.92
50.56
50.19
49.84
49.49
49.14
48.78
48.43
48.08
47.73
47.38
47.03
46.66
46.29
45.91
45.54
45.17
44.79
44.42
44.04
43.67
43.30
42.90
42.54
42.19
41.83
41.48
41.12
40.77
40.41
40.05
39.70
39.33
38.97
38.60
38.23
37.87
37.50
37.13
36.76
36.40
36.03
35.79
35.73
35.67
35.61
35.55
35.49
35.43
35.36
35.30
35.24
35.27
35.51
35.76
36.00
36.25
36.49
36.74
36.98
37.22
37.47
37.70
38.01
38.33
38.65
38.96
39.28
39.60
39.91
40.23
40.55
40.85
41.18
41.51
41.84
42.17
42.50
42.83
43.16
43.49
43.79
44.12
44.46
44.80
45.14
45.47
45.81
46.15
46.49
46.82
47.12
47.47
47.83
48.18
48.53
48.88
49.23
49.58
49.93
50.28
50.59
50.95
51.30
51.66
52.02
52.38
52.73
53.09
53.45
53.81
54.16
54.50
54.85
55.19
55.54
55.88
56.23
56.57
56.92
57.26
57.56
57.87
58.18
58.49
58.80
59.10
59.41
59.72
60.03
60.34
60.65
60.87
61.15
61.42
61.70
61.98
62.25
62.53
62.80
63.08
63.36
63.57
63.79
64.00
64.22
64.44
64.65
64.87
65.09
65.31
65.52
65.68
65.86
66.05
66.23
66.42
66.60
66.78
66.97
67.15
67.33
67.51
67.74
67.97
68.21
68.44
68.67
68.90
69.14
69.37
69.60
69.80
69.98
70.17
70.36
70.55
70.74
70.92
71.11
71.30
71.49
71.42
71.29
71.15
71.01
70.87
70.73
70.59
70.46
70.32
70.18
68.83
66.78
64.73
62.68
60.63
58.58
56.53
54.48
52.43
50.38
-0.52
-89.50
-178.39
-267.28
-356.18
-444.98
-533.96
-622.85
-711.74
-800.55
-120.17
-120.52
-120.86
-121.21
-121.55
-121.90
-122.25
-122.59
-122.94
-123.28
-120.28
-120.90
-121.51
-122.12
-122.73
-123.34
-123.95
-124.56
-125.17
-125.78
-181.36
-347.63
-513.74
-680.18
-846.45
-1012.72
-1179.00
-1345.11
-1511.55
-120.25
-120.96
-121.67
-122.38
-123.09
-123.80
-124.51
-125.22
-125.93
-126.64
-120.81
-123.83
-126.85
-129.87
-132.90
-135.92
-138.94
-141.96
-144.98
-148.01
-159.06
-334.22
-509.37
-684.53
-859.51
-1034.67
-1210.00
-1385.15
-1560.31
-1735.47
-120.41
-123.51
-126.60
-129.70
-132.79
-135.89
-138.98
-142.08
-145.17
-148.26
-120.13
-121.55
-122.98
-124.40
-125.83
-127.26
-128.68
-130.11
-131.53
-132.96
-120.02
-121.07
-122.11
-123.16
-124.21
-125.25
-126.30
-127.35
-128.39
-129.44
-130.49
-120.83
-121.67
-122.52
-123.37
-124.22
-125.06
-125.91
-126.76
-127.61
-128.45
-120.89
-121.89
-122.89
-123.89
-124.89
-125.89
-126.89
-127.89
-128.89
-129.89
-121.24
-122.66
-124.07
-125.49
-126.91
-128.32
-129.74
-131.16
-132.58
-133.99
-121.17
-122.73
-124.30
-125.87
-127.44
-129.01
-130.57
-132.14
-133.71
-135.27
-121.09
-122.54
-123.99
-125.44
-126.89
-128.34
-129.79
-131.24
-132.70
-134.15
-120.83
-122.12
-123.41
-124.70
-125.99
-127.28
-128.56
-129.85
-131.14
-132.43
-120.74
-121.94
-123.15
-124.35
-125.56
-126.76
-127.97
-129.17
-130.38
-131.58
-120.60
-121.78
-122.95
-124.12
-125.30
-126.47
-127.64
-128.82
-129.99
-131.17
-120.58
-121.76
-122.94
-124.11
-125.29
-126.47
-127.65
-128.82
-130.00
-131.18
-120.48
-121.71
-122.94
-124.17
-125.40
-126.63
-127.86
-129.09
-130.33
-131.56
-120.57
-122.04
-123.50
-124.97
-126.44
-127.91
-129.37
-130.84
-132.31
-120.51
-122.44
-124.38
-126.32
-128.25
-130.19
-132.13
-134.07
-136.00
-137.94
-120.49
-122.50
-124.51
-126.52
-128.53
-130.54
-132.55
-134.56
-136.57
-138.58
-120.32
-122.07
-123.83
-125.58
-127.34
-129.09
-130.85
-132.60
-134.36
-136.11
-120.20
-121.67
-123.14
-124.61
-126.08
-127.55
-129.02
-130.49
-131.96
-133.43
-120.02
-121.10
-122.18
-123.26
-124.34
-125.41
-126.49
-127.57
-128.65
-129.73
-120.00
-120.89
-121.78
-122.67
-123.56
-124.45
-125.34
-126.23
-127.12
-128.01
-128.90
-120.87
-121.78
-122.70
-123.61
-124.53
-125.44
-126.36
-127.27
-128.19
-129.10
-120.86
-121.84
-122.81
-123.78
-124.75
-125.73
-126.70
-127.67
-128.65
-129.62
-120.79
-121.76
-122.73
-123.70
-124.68
-125.65
-126.62
-127.59
-128.56
-129.54
-120.73
-121.68
-122.63
-123.58
-124.54
-125.49
-126.44
-127.39
-128.35
-129.30
-120.63
-121.56
-122.49
-123.43
-124.36
-125.29
-126.22
-127.16
-128.09
-129.02
-120.57
-121.49
-122.40
-123.31
-124.22
-125.14
-126.05
-126.96
-127.87
-128.79
-120.49
-121.38
-122.28
-123.17
-124.06
-124.95
-125.85
-126.74
-127.63
-128.52
-120.44
-121.31
-122.19
-123.06
-123.93
-124.80
-125.67
-126.55
-127.42
-128.29
-120.36
-121.21
-122.06
-122.91
-123.77
-124.62
-125.47
-126.32
-127.18
-128.03
-120.33
-121.16
-122.00
-122.83
-123.66
-124.49
-125.33
-126.16
-126.99
-120.25
-121.06
-121.88
-122.69
-123.50
-124.32
-125.13
-125.94
-126.76
-127.57
-120.23
-121.02
-121.82
-122.61
-123.40
-124.20
-124.99
-125.78
-126.58
-127.37
-120.16
-120.93
-121.71
-122.48
-123.26
-124.03
-124.80
-125.58
-126.35
-127.12
-120.10
-120.86
-121.61
-122.36
-123.12
-123.87
-124.62
-125.38
-126.13
-126.88
-120.04
-120.78
-121.51
-122.24
-122.98
-123.71
-124.44
-125.18
-125.91
-126.64
-120.03
-120.74
-121.46
-122.17
-122.88
-123.60
-124.31
-125.02
-125.74
-126.45
-127.16
-120.66
-121.35
-122.05
-122.74
-123.43
-124.13
-124.82
-125.51
-126.21
-126.90
-120.61
-121.28
-121.96
-122.63
-123.30
-123.98
-124.65
-125.32
-126.00
-126.67
-120.55
-121.20
-121.85
-122.51
-123.16
-123.81
-124.47
-125.12
-125.77
-126.43
-120.50
-121.13
-121.77
-122.40
-123.03
-123.66
-124.30
-124.93
-125.56
-126.19
-120.44
-121.05
-121.66
-122.27
-122.89
-123.50
-124.11
-124.72
-125.34
-125.95
-120.40
-120.99
-121.58
-122.17
-122.77
-123.36
-123.95
-124.54
-125.13
-125.73
-120.33
-120.90
-121.47
-122.04
-122.62
-123.19
-123.76
-124.33
-124.91
-125.48
-120.30
-120.85
-121.40
-121.95
-122.51
-123.06
-123.61
-124.16
-124.71
-125.27
-120.24
-120.78
-121.31
-121.84
-122.37
-122.90
-123.44
-123.97
-124.50
-125.03
-120.22
-120.73
-121.24
-121.76
-122.27
-122.78
-123.29
-123.81
-124.32
-124.83
-120.18
-120.66
-121.15
-121.64
-122.12
-122.61
-123.10
-123.58
-124.07
-120.14
-120.61
-121.07
-121.54
-122.01
-122.48
-122.94
-123.41
-123.88
-124.34
-120.10
-120.56
-121.01
-121.46
-121.92
-122.37
-122.82
-123.28
-123.73
-124.18
-120.08
-120.51
-120.95
-121.38
-121.81
-122.25
-122.68
-123.11
-123.55
-123.98
-120.04
-120.46
-120.87
-121.28
-121.70
-122.11
-122.52
-122.94
-123.35
-123.76
-120.02
-120.42
-120.81
-121.20
-121.60
-121.99
-122.38
-122.78
-123.17
-123.56
-123.96
-120.37
-120.74
-121.11
-121.49
-121.86
-122.23
-122.61
-122.98
-123.35
-123.72
-120.33
-120.69
-121.04
-121.39
-121.75
-122.10
-122.45
-122.81
-123.16
-123.51
-120.28
-120.62
-120.95
-121.28
-121.62
-121.95
-122.28
-122.62
-122.95
-123.28
-120.26
-120.58
-120.89
-121.20
-121.52
-121.83
-122.14
-122.46
-122.77
-123.08
-120.22
-120.51
-120.81
-121.11
-121.40
-121.70
-122.00
-122.29
-122.59
-122.89
-120.20
-120.47
-120.75
-121.03
-121.30
-121.58
-121.86
-122.13
-122.41
-122.69
-120.15
-120.41
-120.66
-120.91
-121.16
-121.42
-121.67
-121.92
-122.17
-122.42
-120.13
-120.36
-120.59
-120.83
-121.06
-121.29
-121.52
-121.76
-121.99
-122.22
-120.10
-120.32
-120.53
-120.74
-120.95
-121.16
-121.38
-121.59
-121.80
-122.01
-120.09
-120.28
-120.48
-120.67
-120.86
-121.05
-121.25
-121.44
-121.63
-121.82
-120.07
-120.24
-120.40
-120.57
-120.74
-120.91
-121.08
-121.25
-121.42
-120.05
-120.20
-120.35
-120.50
-120.65
-120.80
-120.95
-121.10
-121.26
-121.41
-120.03
-120.17
-120.30
-120.43
-120.57
-120.70
-120.83
-120.96
-121.10
-121.23
-120.03
-120.14
-120.25
-120.37
-120.48
-120.59
-120.71
-120.82
-120.93
-121.05
-120.01
-120.11
-120.20
-120.29
-120.39
-120.48
-120.57
-120.67
-120.76
-120.85
-120.01
-120.08
-120.15
-120.23
-120.30
-120.37
-120.45
-120.52
-120.59
-120.67
-120.00
-120.05
-120.11
-120.16
-120.21
-120.27
-120.32
-120.37
-120.43
-120.48
-120.53
-120.03
-120.07
-120.10
-120.13
-120.16
-120.20
-120.23
-120.26
-120.30
-120.33
-120.01
-120.03
-120.04
-120.05
-120.06
-120.08
-120.09
-120.10
-120.12
-120.13
-119.99
-119.99
-119.98
-119.97
-119.97
-119.96
-119.95
-119.95
-119.94
-119.93
-119.86
-119.83
-119.81
-119.78
-119.75
-119.73
-119.70
-119.67
-119.65
-119.62
-119.55
-119.50
-119.46
-119.41
-119.37
-119.32
-119.28
-119.24
-119.19
-119.15
-119.06
-119.00
-118.94
-118.88
-118.82
-118.76
-118.70
-118.64
-118.58
-118.52
-118.39
-118.32
-118.24
-118.17
-118.09
-118.02
-117.95
-117.87
-117.80
-117.72
-117.61
-117.52
-117.43
-117.35
-117.26
-117.17
-117.08
-116.99
-116.90
-116.81
-116.71
-116.60
-116.50
-116.40
-116.29
-116.19
-116.08
-115.98
-115.87
-115.77
-115.63
-115.49
-115.36
-115.22
-115.09
-114.95
-114.82
-114.68
-114.55
-114.36
-114.20
-114.04
-113.88
-113.72
-113.56
-113.40
-113.24
-113.08
-112.92
-112.77
-112.67
-112.57
-112.46
-112.36
-112.26
-112.16
-112.06
-111.95
-111.85
-111.71
-111.66
-111.61
-111.56
-111.51
-111.45
-111.40
-111.35
-111.30
-111.25
-111.18
-111.15
-111.13
-111.10
-111.08
-111.05
-111.02
-111.00
-110.97
-110.95
-110.88
-110.86
-110.85
-110.84
-110.82
-110.81
-110.79
-110.78
-110.76
-110.75
-110.70
-110.69
-110.68
-110.67
-110.66
-110.65
-110.64
-110.63
-110.62
-110.61
-110.60
-110.57
-110.57
-110.56
-110.55
-110.55
-110.54
-110.53
-110.53
-110.52
-110.51
-110.45
-110.43
-110.42
-110.40
-110.39
-110.37
-110.36
-110.34
-110.33
-110.31
-110.20
-110.11
-110.02
-109.93
-109.84
-109.74
-109.65
-109.56
-109.47
-109.38
-109.18
-109.01
-108.84
-108.67
-108.50
-108.33
-108.15
-107.98
-107.81
-107.64
-107.53
-107.45
-107.38
-107.31
-107.24
-107.17
-107.09
-107.02
-106.95
-106.88
-106.76
-106.69
-106.63
-106.57
-106.50
-106.44
-106.37
-106.31
-106.25
-106.18
-106.09
-106.01
-105.93
-105.84
-105.76
-105.68
-105.60
-105.52
-105.44
-105.35
-105.26
-105.17
-105.09
-105.01
-104.92
-104.84
-104.76
-104.68
-104.59
-104.51
-104.41
-104.32
-104.23
-104.14
-104.05
-103.96
-103.87
-103.78
-103.69
-103.60
-103.45
-103.34
-103.23
-103.12
-103.01
-102.90
-102.79
-102.68
-102.57
-102.46
-102.32
-102.21
-102.11
-102.00
-101.89
-101.79
-101.68
-101.58
-101.47
-101.29
-101.15
-101.00
-100.86
-100.71
-100.56
-100.42
-100.27
-100.12
-99.98
-99.74
-99.37
-99.01
-98.65
-98.29
-97.93
-97.57
-97.21
-96.85
-96.49
-95.98
-94.97
-93.95
-92.93
-91.92
-90.90
-89.88
-88.87
-87.85
-86.83
-85.51
-82.68
-79.86
-77.03
-74.21
-71.38
-68.55
-65.72
-62.89
-60.07
-55.95
-34.91
-13.88
7.16
28.20
49.23
70.25
91.31
112.34
133.36
120.12
123.64
127.16
130.69
134.21
137.73
141.25
144.77
148.29
151.82
155.34
129.23
139.02
148.79
158.58
168.35
178.14
187.91
197.70
207.47
217.26
150.49
182.55
214.54
246.57
278.63
310.63
342.69
374.71
406.74
438.77
142.67
170.04
197.36
224.71
252.08
279.43
306.77
334.09
361.46
388.78
130.72
143.92
157.11
170.32
183.51
196.73
209.93
223.13
236.32
249.53
128.54
140.65
152.78
164.88
177.01
189.13
201.25
213.36
225.47
237.59
127.33
137.89
148.44
158.98
169.54
180.09
190.64
201.19
211.74
222.29
123.11
128.61
134.11
139.62
145.13
150.63
156.14
161.64
167.15
172.65
122.03
125.82
129.61
133.40
137.19
140.98
144.77
148.56
152.35
156.14
121.80
125.53
129.26
132.99
136.71
140.44
144.17
147.90
151.63
155.36
121.77
125.80
129.84
133.87
137.91
141.94
145.98
150.01
154.05
121.38
125.24
129.11
132.98
136.84
140.71
144.57
148.44
152.31
156.18
121.14
124.70
128.26
131.82
135.38
138.94
142.51
146.07
149.63
153.19
120.77
124.37
127.97
131.57
135.17
138.76
142.36
145.96
149.56
153.16
120.66
124.20
127.74
131.28
134.81
138.36
141.89
145.43
148.97
152.51
120.36
123.74
127.12
130.50
133.89
137.27
140.65
144.03
147.41
150.79
120.21
123.56
126.91
130.27
133.62
136.97
140.32
143.68
147.03
150.39
120.00
123.33
126.65
129.98
133.30
136.63
139.95
143.27
146.60
149.92
153.25
123.07
126.30
129.53
132.77
136.00
139.23
142.47
145.70
148.94
152.17
122.73
125.90
129.07
132.24
135.42
138.59
141.77
144.94
148.12
151.29
122.56
125.71
128.85
131.99
135.14
138.28
141.43
144.57
147.71
150.86
122.37
125.46
128.54
131.63
134.71
137.79
140.88
143.96
147.05
150.13
122.08
125.11
128.13
131.15
134.17
137.19
140.21
143.23
146.25
149.27
121.86
124.82
127.78
130.75
133.71
136.67
139.63
142.59
145.55
148.51
121.64
124.55
127.45
130.35
133.25
136.15
139.05
141.95
144.85
147.75
121.38
124.22
127.07
129.90
132.75
135.59
138.43
141.27
144.11
146.95
121.30
124.08
126.86
129.64
132.42
135.21
137.99
140.77
143.55
146.33
121.10
123.83
126.55
129.27
131.99
134.71
137.43
140.15
142.87
120.91
123.57
126.24
128.91
131.57
134.24
136.91
139.57
142.24
144.91
120.73
123.33
125.94
128.55
131.16
133.76
136.37
138.98
141.58
144.19
120.54
123.08
125.62
128.17
130.71
133.26
135.80
138.34
140.89
143.43
120.34
122.82
125.31
127.79
130.28
132.76
135.24
137.73
140.21
142.70
120.22
122.65
125.07
127.49
129.92
132.34
134.77
137.19
139.61
142.04
120.07
122.43
124.80
127.16
129.53
131.89
134.25
136.62
138.98
141.35
143.71
122.23
124.53
126.84
129.14
131.45
133.75
136.05
138.36
140.66
142.97
122.09
124.34
126.58
128.82
131.07
133.31
135.56
137.80
140.04
142.29
121.86
124.04
126.23
128.41
130.60
132.78
134.97
137.15
139.33
141.52
121.62
123.75
125.87
127.99
130.12
132.24
134.36
136.49
138.61
140.74
121.57
123.64
125.70
127.77
129.83
131.89
133.96
136.02
138.09
140.15
121.33
123.33
125.33
127.33
129.34
131.34
133.34
135.34
137.34
139.34
121.16
123.10
125.04
126.98
128.92
130.86
132.80
134.74
136.68
138.63
121.00
122.88
124.76
126.65
128.53
130.41
132.29
134.17
136.05
137.93
120.91
122.73
124.55
126.37
128.19
130.01
131.83
133.65
135.47
137.29
120.76
122.53
124.29
126.05
127.81
129.57
131.33
133.09
134.85
120.63
122.34
124.05
125.75
127.46
129.16
130.87
132.58
134.29
135.99
120.48
122.13
123.77
125.42
127.07
128.71
130.36
132.01
133.66
135.30
120.43
122.02
123.61
125.19
126.78
128.37
129.95
131.54
133.13
134.71
120.25
121.78
123.30
124.82
126.35
127.87
129.40
130.92
132.45
133.97
120.19
121.65
123.12
124.58
126.05
127.51
128.97
130.44
131.90
133.37
120.06
121.46
122.87
124.27
125.67
127.08
128.48
129.89
131.29
132.69
120.03
121.37
122.72
124.06
125.41
126.75
128.09
129.44
130.78
132.13
133.47
121.18
122.46
123.74
125.03
126.31
127.60
128.88
130.16
131.45
132.73
121.08
122.30
123.53
124.75
125.98
127.20
128.42
129.65
130.87
132.09
120.92
122.09
123.25
124.42
125.58
126.74
127.91
129.07
130.24
131.40
120.84
121.94
123.04
124.15
125.25
126.36
127.46
128.56
129.67
130.77
120.71
121.75
122.80
123.84
124.88
125.93
126.97
128.01
129.06
130.10
120.62
121.60
122.58
123.56
124.54
125.53
126.51
127.49
128.47
129.45
120.50
121.42
122.34
123.26
124.19
125.11
126.03
126.95
127.87
128.79
120.47
121.33
122.19
123.05
123.91
124.77
125.63
126.49
127.36
128.22
120.35
121.15
121.95
122.75
123.56
124.36
125.16
125.96
126.76
120.30
121.05
121.79
122.54
123.29
124.03
124.78
125.53
126.27
127.02
120.23
120.92
121.61
122.29
122.98
123.67
124.35
125.04
125.73
126.41
120.18
120.81
121.44
122.06
122.69
123.32
123.95
124.57
125.20
125.83
120.10
120.66
121.23
121.80
122.36
122.93
123.50
124.06
124.63
125.20
120.07
120.58
121.09
121.59
122.10
122.61
123.11
123.62
124.13
124.64
120.03
120.48
120.93
121.38
121.83
122.29
122.74
123.19
123.64
124.09
120.02
120.41
120.80
121.19
121.59
121.98
122.37
122.76
123.15
123.54
123.94
120.30
120.62
120.93
121.25
121.57
121.89
122.21
122.53
122.84
123.16
120.24
120.50
120.75
121.01
121.27
121.53
121.79
122.04
122.30
122.56
120.17
120.38
120.58
120.78
120.99
121.19
121.40
121.60
121.80
122.01
120.11
120.26
120.40
120.55
120.69
120.83
120.98
121.12
121.27
121.41
120.06
120.14
120.23
120.31
120.40
120.48
120.56
120.65
120.73
120.82
120.02
120.04
120.06
120.09
120.11
120.14
120.16
120.18
120.21
120.23
119.98
119.94
119.90
119.86
119.82
119.78
119.74
119.70
119.67
119.63
119.53
119.44
119.35
119.26
119.17
119.08
118.99
118.90
118.81
118.72
118.56
118.43
118.30
118.17
118.03
117.90
117.77
117.64
117.51
117.38
117.23
117.06
116.90
116.74
116.57
116.41
116.25
116.08
115.92
115.73
115.54
115.35
115.16
114.97
114.78
114.59
114.40
114.21
114.02
113.81
113.60
113.38
113.17
112.95
112.74
112.53
112.31
112.10
111.88
111.61
111.38
111.14
110.91
110.67
110.44
110.20
109.97
109.73
109.50
109.21
108.96
108.71
108.45
108.20
107.95
107.69
107.44
107.19
106.93
106.66
106.39
106.12
105.85
105.58
105.31
105.05
104.78
104.51
104.24
103.96
103.68
103.40
103.12
102.85
102.57
102.29
102.01
101.73
101.45
101.17
100.87
100.57
100.28
99.98
99.69
99.39
99.10
98.81
98.51
98.22
97.87
97.56
97.26
96.96
96.66
96.36
96.06
95.76
95.46
95.16
94.83
94.51
94.20
93.89
93.57
93.26
92.95
92.63
92.32
92.01
91.66
91.34
91.02
90.70
90.39
90.07
89.75
89.44
89.12
88.80
88.44
88.12
87.79
87.47
87.15
86.83
86.50
86.18
85.86
85.53
85.15
84.82
84.49
84.16
83.83
83.49
83.16
82.83
82.50
82.17
81.82
81.49
81.15
80.81
80.48
80.14
79.81
79.47
79.14
78.80
78.46
78.12
77.78
77.44
77.11
76.77
76.43
76.09
75.76
75.42
75.07
74.73
74.39
74.04
73.70
73.36
73.02
72.67
72.33
71.99
71.59
71.24
70.88
70.54
70.19
69.83
69.48
69.13
68.78
68.39
68.04
67.70
67.36
67.01
66.67
66.32
65.98
65.64
65.29
64.92
64.57
64.23
63.88
63.53
63.18
62.84
62.49
62.14
61.79
61.41
61.06
60.70
60.35
59.99
59.64
59.28
58.93
58.57
58.22
57.81
57.46
57.10
56.74
56.38
56.03
55.67
55.31
54.96
54.60
54.19
53.84
53.49
53.14
52.79
52.44
52.09
51.73
51.38
51.03
50.66
50.31
49.95
49.60
49.25
48.89
48.54
48.19
47.83
47.48
47.10
46.74
46.39
46.03
45.68
45.32
44.97
44.61
44.25
43.90
43.54
43.14
42.77
42.40
42.03
41.65
41.28
40.91
40.55
40.18
39.80
39.40
39.03
38.67
38.31
37.94
37.58
37.21
36.85
36.49
36.12
35.76
35.40
35.05
34.70
34.35
34.00
33.65
33.30
32.95
32.60
32.19
31.83
31.48
31.12
30.76
30.41
30.05
29.69
29.34
28.98
28.60
28.25
27.89
27.54
27.18
26.82
26.47
26.11
25.76
25.40
25.05
24.73
24.41
24.08
23.76
23.44
23.11
22.79
22.47
22.14
21.80
21.44
21.09
20.73
20.38
20.02
19.67
19.31
18.96
18.60
18.25
17.94
17.63
17.32
17.01
16.70
16.39
16.08
15.77
15.46
15.10
14.71
14.31
13.91
13.52
13.12
12.72
12.33
11.93
11.53
11.17
10.89
10.62
10.34
10.07
9.79
9.52
9.24
8.97
8.50
7.81
7.12
6.42
5.73
5.04
4.34
3.69
3.52
3.35
4.23
7.87
11.50
11.78
10.16
8.56
6.94
5.33
3.72
2.11
0.96
1.17
1.38
1.60
1.80
1.49
1.17
0.86
0.55
0.23
0.05
0.45
0.85
1.25
1.65
1.95
1.55
1.15
0.75
0.35
0.05
0.45
0.85
1.25
1.65
1.95
1.55
1.15
0.75
0.35
-0.12
-2.12
-4.12
-6.12
-8.12
-9.88
-7.88
-5.88
-3.88
-1.88
0.12
0.50
0.87
1.25
1.63
1.93
1.55
1.16
0.77
0.39
0.00
0.37
0.77
1.17
1.57
1.97
1.62
1.22
0.83
0.43
0.03
0.36
0.76
1.16
1.56
1.96
1.64
1.24
0.84
0.44
0.04
-1.59
-3.59
-5.59
-7.59
-9.59
-8.41
-6.41
-4.41
-2.41
-0.41
0.31
0.71
1.11
1.51
1.91
1.69
1.29
0.89
0.49
0.09
0.27
0.67
1.07
1.47
1.87
1.73
1.33
0.93
0.53
0.13
0.25
0.65
1.05
1.45
1.85
1.75
1.35
0.95
0.55
0.15
-1.09
-3.09
-5.09
-7.09
-9.09
-8.91
-6.91
-4.91
-2.91
-0.91
0.26
0.64
1.03
1.42
1.81
1.77
1.37
0.98
0.59
0.20
0.18
0.58
0.98
1.38
1.78
1.82
1.42
1.02
0.62
0.49
0.82
1.15
1.48
1.82
1.66
1.30
0.94
0.58
0.22
0.14
0.53
0.93
1.33
1.73
1.86
1.46
1.06
0.66
0.26
-0.55
-2.55
-4.55
-6.55
-8.55
-9.45
-7.45
-5.45
-3.45
-1.45
0.20
0.57
0.95
1.33
1.71
1.85
1.47
1.08
0.69
0.31
0.06
0.46
0.86
1.26
1.66
1.94
1.54
1.14
0.74
0.34
0.04
0.44
0.84
1.24
1.64
1.96
1.56
1.16
0.76
0.36
-0.09
-2.09
-4.09
-6.09
-8.09
-9.91
-7.91
-5.91
-3.91
-1.91
0.09
0.48
0.86
1.24
1.61
1.95
1.56
1.18
0.79
0.40
0.02
0.37
0.77
1.17
1.57
1.97
1.63
1.23
0.83
0.43
0.03
0.34
0.74
1.14
1.54
1.94
1.66
1.26
0.86
0.46
0.06
-1.59
-3.59
-5.59
-7.59
-9.59
-8.41
-6.41
-4.41
-2.41
-0.41
0.39
0.77
1.15
1.52
1.90
1.65
1.27
0.88
0.50
0.11
0.25
0.65
1.05
1.45
1.85
1.75
1.35
0.95
0.55
0.15
0.24
0.64
1.04
1.44
1.84
1.75
1.35
0.96
0.56
0.16
-1.10
-3.10
-5.10
-7.10
-9.10
-8.90
-6.90
-4.90
-2.90
-0.90
0.30
0.68
1.05
1.43
1.81
1.75
1.36
0.97
0.59
0.50
0.84
1.17
1.50
1.83
1.65
1.29
0.93
0.56
0.20
0.14
0.54
0.94
1.34
1.74
1.86
1.46
1.06
0.66
0.26
-0.65
-2.65
-4.64
-6.64
-8.64
-9.36
-7.35
-5.35
-3.35
-1.36
0.21
0.59
0.96
1.34
1.72
1.84
1.45
1.07
0.68
0.30
0.07
0.47
0.87
1.27
1.67
1.93
1.53
1.13
0.73
0.33
0.04
0.44
0.84
1.24
1.64
1.96
1.56
1.16
0.76
0.36
-0.18
-2.18
-4.18
-6.18
-8.18
-9.82
-7.82
-5.82
-3.82
-1.82
0.18
0.54
0.91
1.27
1.64
1.90
1.52
1.14
0.76
0.38
0.01
0.38
0.78
1.18
1.58
1.98
1.62
1.22
0.82
0.42
0.02
0.34
0.74
1.14
1.54
1.94
1.65
1.25
0.86
0.46
0.06
-1.63
-3.63
-5.64
-7.64
-9.64
-8.36
-6.36
-4.36
-2.36
-0.36
0.40
0.78
1.15
1.53
1.91
1.65
1.26
0.87
0.49
0.10
0.28
0.68
1.08
1.48
1.88
1.72
1.32
0.92
0.52
0.12
0.27
0.67
1.07
1.47
1.87
1.73
1.33
0.93
0.53
0.13
-1.14
-3.14
-5.14
-7.14
-9.14
-8.86
-6.86
-4.86
-2.86
-0.86
0.31
0.69
1.06
1.44
1.82
1.74
1.35
0.97
0.58
0.19
0.20
0.60
0.99
1.39
1.79
1.80
1.40
1.00
0.60
0.43
0.77
1.12
1.46
1.80
1.70
1.33
0.96
0.59
0.23
0.16
0.56
0.96
1.36
1.76
1.84
1.44
1.04
0.64
0.24
-0.60
-2.60
-4.60
-6.60
-8.60
-9.40
-7.40
-5.40
-3.40
-1.40
0.20
0.58
0.96
1.34
1.71
1.85
1.46
1.07
0.69
0.30
0.05
0.45
0.85
1.25
1.65
1.95
1.55
1.15
0.75
0.35
0.04
0.44
0.84
1.24
1.64
1.95
1.55
1.15
0.75
0.36
-0.07
-2.06
-4.07
-6.07
-8.06
-9.93
-7.94
-5.93
-3.93
-1.93
0.06
0.44
0.83
1.22
1.61
1.97
1.58
1.18
0.79
0.40
0.00
0.35
0.75
1.15
1.55
1.95
1.65
1.25
0.85
0.45
0.05
0.35
0.75
1.15
1.55
1.95
1.65
1.25
0.85
0.45
0.05
-1.62
-3.62
-5.62
-7.62
-9.62
-8.38
-6.38
-4.38
-2.38
-0.38
0.39
0.77
1.15
1.52
1.90
1.65
1.27
0.88
0.49
0.11
0.26
0.66
1.06
1.46
1.86
1.74
1.34
0.94
0.54
0.14
0.24
0.63
1.04
1.43
1.83
1.76
1.36
0.96
0.56
0.16
-1.07
-3.07
-5.07
-7.07
-9.07
-8.93
-6.93
-4.93
-2.93
-0.93
0.25
0.64
1.03
1.42
1.81
1.77
1.38
0.98
0.59
0.44
0.78
1.13
1.47
1.81
1.69
1.32
0.95
0.58
0.22
0.16
0.56
0.96
1.36
1.76
1.84
1.44
1.04
0.64
0.24
-0.59
-2.59
-4.59
-6.59
-8.59
-9.41
-7.41
-5.41
-3.41
-1.41
0.15
0.54
0.93
1.32
1.71
1.87
1.48
1.08
0.69
0.30
0.06
0.46
0.86
1.26
1.66
1.93
1.54
1.14
0.74
0.34
0.06
0.46
0.86
1.26
1.66
1.94
1.54
1.14
0.74
0.34
-0.11
-2.11
-4.11
-6.11
-8.11
-9.89
-7.89
-5.89
-3.89
-1.89
0.07
0.46
0.84
1.23
1.62
1.96
1.56
1.17
0.78
0.39
-0.01
0.37
0.77
1.17
1.57
1.97
1.63
1.23
0.83
0.43
0.03
0.36
0.76
1.16
1.56
1.96
1.64
1.24
0.84
0.44
0.04
-1.61
-3.61
-5.61
-7.61
-9.61
-8.39
-6.39
-4.39
-2.39
-0.39
0.35
0.74
1.13
1.52
1.91
1.67
1.28
0.88
0.49
0.10
0.28
0.68
1.08
1.48
1.87
1.72
1.32
0.92
0.52
0.12
0.25
0.65
1.05
1.45
1.85
1.75
1.35
0.95
0.55
0.15
-1.08
-3.08
-5.08
-7.08
-9.08
-8.92
-6.92
-4.92
-2.92
-0.92
0.20
0.60
1.00
1.40
1.80
1.79
1.39
0.99
0.59
0.20
0.18
0.58
0.98
1.38
1.78
1.82
1.42
1.02
0.62
0.49
0.82
1.15
1.48
1.81
1.66
1.30
0.94
0.58
0.22
0.13
0.53
0.93
1.32
1.72
1.87
1.47
1.07
0.67
0.27
-0.56
-2.56
-4.56
-6.56
-8.56
-9.45
-7.44
-5.44
-3.44
-1.44
0.19
0.57
0.95
1.33
1.70
1.85
1.47
1.08
0.70
0.31
0.06
0.46
0.86
1.26
1.66
1.94
1.54
1.14
0.74
0.34
0.03
0.43
0.83
1.23
1.63
1.97
1.57
1.17
0.77
0.37
-0.14
-2.14
-4.15
-6.15
-8.14
-9.85
-7.85
-5.86
-3.85
-1.85
0.14
0.53
0.90
1.27
1.63
1.91
1.53
1.15
0.77
0.39
0.01
0.36
0.76
1.16
1.56
1.96
1.64
1.24
0.84
0.44
0.04
0.34
0.74
1.14
1.54
1.94
1.66
1.26
0.86
0.46
0.06
-1.58
-3.58
-5.58
-7.58
-9.58
-8.42
-6.42
-4.42
-2.42
-0.42
0.35
0.74
1.12
1.51
1.90
1.67
1.28
0.89
0.50
0.10
0.27
0.67
1.07
1.47
1.87
1.73
1.33
0.93
0.53
0.13
0.23
0.63
1.03
1.43
1.83
1.77
1.37
0.97
0.57
0.17
-1.10
-3.10
-5.10
-7.10
-9.10
-8.90
-6.90
-4.90
-2.90
-0.90
0.30
0.68
1.06
1.43
1.81
1.75
1.36
0.97
0.59
0.52
0.85
1.18
1.51
1.84
1.64
1.27
0.91
0.55
0.19
0.14
0.54
0.94
1.34
1.74
1.86
1.46
1.06
0.66
0.26
-0.66
-2.66
-4.67
-6.67
-8.66
-9.34
-7.34
-5.34
-3.33
-1.33
0.26
0.63
1.00
1.36
1.73
1.81
1.43
1.05
0.67
0.29
0.08
0.48
0.88
1.28
1.68
1.92
1.52
1.12
0.72
0.32
0.03
0.43
0.83
1.23
1.63
1.96
1.56
1.17
0.77
0.37
-0.13
-2.14
-4.14
-6.14
-8.13
-9.86
-7.87
-5.86
-3.87
-1.86
0.14
0.49
0.87
1.24
1.62
1.94
1.55
1.17
0.78
0.39
0.01
0.38
0.78
1.18
1.58
1.98
1.62
1.21
0.82
0.42
0.02
0.34
0.74
1.14
1.54
1.94
1.66
1.26
0.86
0.46
0.06
-1.64
-3.64
-5.64
-7.64
-9.64
-8.36
-6.36
-4.36
-2.36
-0.36
0.41
0.78
1.16
1.54
1.92
1.64
1.25
0.87
0.48
0.09
0.28
0.68
1.08
1.48
1.88
1.71
1.31
0.91
0.51
0.12
0.25
0.65
1.05
1.45
1.85
1.75
1.35
0.95
0.55
0.15
-1.21
-3.21
-5.21
-7.21
-9.21
-8.79
-6.79
-4.79
-2.79
-0.79
0.36
0.73
1.10
1.46
1.83
1.71
1.33
0.95
0.57
0.52
0.85
1.18
1.51
1.84
1.63
1.27
0.91
0.55
0.19
0.16
0.56
0.96
1.36
1.76
1.84
1.44
1.04
0.64
0.24
-0.67
-2.67
-4.67
-6.67
-8.67
-9.33
-7.33
-5.33
-3.33
-1.33
0.21
0.59
0.97
1.35
1.72
1.84
1.45
1.06
0.68
0.29
0.09
0.48
0.88
1.28
1.68
1.91
1.51
1.11
0.71
0.31
0.06
0.46
0.86
1.26
1.66
1.94
1.54
1.14
0.74
0.34
-0.21
-2.21
-4.21
-6.21
-8.21
-9.79
-7.79
-5.79
-3.79
-1.79
0.13
0.51
0.88
1.26
1.64
1.92
1.53
1.15
0.76
0.38
-0.01
0.39
0.79
1.19
1.59
1.99
1.61
1.21
0.81
0.41
0.01
0.31
0.66
1.01
1.36
1.71
1.74
1.44
1.13
0.83
0.53
1.03
1.69
2.34
2.99
3.65
3.21
2.56
1.91
1.25
0.60
-1.08
-3.06
-5.03
-7.01
-7.26
-5.97
-4.68
-3.39
-2.10
-0.81
-0.02
0.52
1.05
1.59
2.13
1.79
1.25
0.72
0.18
-0.36
-0.22
0.27
0.76
1.26
1.75
2.05
1.58
1.11
0.64
0.17
0.20
0.55
0.90
1.24
1.59
1.84
1.53
1.23
0.93
0.63
-0.48
-2.34
-4.21
-6.08
-7.94
-6.74
-5.24
-3.74
-2.23
-0.73
0.21
0.61
1.01
1.41
1.81
1.79
1.39
0.99
0.59
0.57
1.25
1.93
2.61
3.28
3.64
2.96
2.28
1.59
0.91
-0.29
-2.26
-4.23
-6.21
-7.78
-6.49
-5.20
-3.91
-2.62
-1.33
-0.21
0.31
0.84
1.37
1.90
2.01
1.47
0.94
0.41
-0.12
-0.36
0.12
0.60
1.09
1.57
2.05
1.74
1.28
0.81
0.35
0.07
0.53
1.00
1.46
1.93
1.86
1.37
0.89
0.40
-0.08
-0.42
0.04
0.49
0.94
1.40
1.85
2.31
2.76
3.21
3.67
4.11
4.53
4.95
5.38
5.80
6.22
6.65
7.07
7.49
7.91
8.29
8.71
9.13
9.55
9.97
10.39
10.81
11.23
11.65
12.07
12.49
12.87
13.28
13.69
14.11
14.52
14.93
15.34
15.75
16.17
16.58
16.98
17.38
17.78
18.18
18.58
18.98
19.38
19.78
20.18
20.58
20.95
21.34
21.73
22.12
22.51
22.89
23.28
23.67
24.06
24.45
24.78
25.17
25.55
25.94
26.32
26.70
27.09
27.47
27.86
28.24
28.56
28.93
29.29
29.65
30.01
30.37
30.74
31.10
31.46
31.82
31.98
32.07
32.17
32.26
32.35
32.45
32.54
32.63
32.73
32.82
-110.38
-359.68
-608.73
-857.78
-1106.58
-1355.63
-1604.93
-1853.73
-2103.03
-2351.83
-126.08
-137.53
-148.99
-160.44
-171.89
-183.35
-194.80
-206.25
-217.70
-119.71
-119.06
-118.41
-117.76
-117.11
-116.46
-115.81
-115.16
-114.51
-113.86
-113.19
-112.57
-111.94
-111.31
-110.69
-110.06
-109.44
-108.81
-108.18
-107.56
-106.92
-106.33
-105.74
-105.15
-104.56
-103.96
-103.37
-102.78
-102.19
-101.60
-101.02
-100.54
-100.06
-99.58
-99.10
-98.62
-98.14
-97.66
-97.18
-96.70
-96.26
-96.04
-95.81
-95.59
-95.37
-95.14
-94.92
-94.70
-94.48
-94.25
-94.08
-94.48
-94.87
-95.27
-95.67
-96.06
-96.46
-96.86
-97.25
-97.65
-110.34
-362.66
-614.97
-867.29
-1119.60
-1371.91
-1624.23
-1876.29
-2128.86
-2380.92
-120.12
-124.08
-128.05
-132.02
-135.98
-139.94
-143.90
-147.87
-151.84
-155.80
-159.76
-237.90
-362.81
-487.96
-612.99
-738.02
-863.05
-988.08
-1112.98
-1238.13
-1363.16
-2339.59
-4786.78
-7233.96
-9681.14
-12125.88
-14575.51
-17022.69
-12558.71
-6620.45
-676.25
116.62
112.52
108.42
104.33
100.23
96.13
92.04
87.94
83.85
79.75
51.54
16.64
-18.26
-53.17
-88.04
-122.98
-157.85
-192.78
-227.69
-262.59
-120.28
-120.66
-121.04
-121.42
-121.81
-122.19
-122.57
-122.96
-123.34
-123.72
-120.42
-121.05
-121.69
-122.33
-122.96
-123.60
-124.23
-124.87
-125.51
-126.14
-120.57
-121.50
-122.43
-123.37
-124.30
-125.24
-126.17
-127.11
-128.04
-128.98
-120.53
-121.52
-122.51
-123.50
-124.48
-125.47
-126.46
-127.45
-128.44
-129.42
-120.46
-121.39
-122.32
-123.26
-124.19
-125.13
-126.06
-127.00
-127.93
-120.36
-121.22
-122.09
-122.95
-123.82
-124.68
-125.55
-126.41
-127.28
-128.14
-120.26
-121.05
-121.84
-122.63
-123.42
-124.21
-125.00
-125.79
-126.58
-127.37
-120.24
-120.98
-121.72
-122.47
-123.21
-123.95
-124.70
-125.44
-126.18
-126.93
-120.17
-120.89
-121.61
-122.34
-123.06
-123.78
-124.51
-125.23
-125.95
-126.68
-120.13
-120.83
-121.54
-122.24
-122.94
-123.65
-124.35
-125.05
-125.76
-126.46
-120.09
-120.77
-121.46
-122.14
-122.82
-123.51
-124.19
-124.88
-125.56
-126.24
-120.04
-120.70
-121.37
-122.03
-122.69
-123.36
-124.02
-124.69
-125.35
-126.01
-120.00
-120.65
-121.31
-121.96
-122.61
-123.26
-123.91
-124.56
-125.21
-125.86
-126.51
-120.59
-121.22
-121.85
-122.48
-123.11
-123.74
-124.37
-125.00
-125.63
-126.26
-120.53
-121.14
-121.75
-122.36
-122.97
-123.59
-124.20
-124.81
-125.42
-126.03
-120.48
-121.07
-121.66
-122.25
-122.84
-123.43
-124.02
-124.61
-125.20
-125.79
-120.43
-121.00
-121.57
-122.14
-122.71
-123.28
-123.85
-124.42
-124.99
-125.56
-120.38
-120.93
-121.48
-122.03
-122.58
-123.13
-123.68
-124.23
-124.78
-125.33
-120.33
-120.86
-121.39
-121.92
-122.45
-122.98
-123.51
-124.04
-124.57
-125.10
-120.28
-120.79
-121.30
-121.81
-122.32
-122.83
-123.35
-123.86
-124.37
-124.88
-120.24
-120.73
-121.22
-121.71
-122.20
-122.69
-123.18
-123.67
-124.16
-120.23
-120.70
-121.17
-121.65
-122.12
-122.59
-123.06
-123.53
-124.00
-124.47
-120.18
-120.63
-121.08
-121.53
-121.98
-122.44
-122.89
-123.34
-123.79
-124.24
-120.15
-120.58
-121.01
-121.44
-121.87
-122.31
-122.74
-123.17
-123.60
-124.03
-120.11
-120.52
-120.93
-121.34
-121.75
-122.16
-122.57
-122.99
-123.40
-123.81
-120.09
-120.48
-120.87
-121.26
-121.65
-122.04
-122.43
-122.83
-123.22
-123.61
-120.05
-120.42
-120.79
-121.16
-121.54
-121.91
-122.28
-122.65
-123.02
-123.39
-120.04
-120.39
-120.74
-121.09
-121.45
-121.80
-122.15
-122.50
-122.85
-123.20
-120.00
-120.33
-120.67
-121.00
-121.33
-121.66
-121.99
-122.32
-122.65
-122.98
-123.32
-120.31
-120.62
-120.93
-121.24
-121.55
-121.86
-122.18
-122.49
-122.80
-123.11
-120.26
-120.55
-120.84
-121.13
-121.42
-121.71
-122.00
-122.29
-122.58
-122.87
-120.24
-120.51
-120.78
-121.05
-121.32
-121.59
-121.87
-122.14
-122.41
-122.68
-120.19
-120.44
-120.69
-120.94
-121.19
-121.44
-121.69
-121.94
-122.19
-122.44
-120.16
-120.40
-120.63
-120.86
-121.09
-121.32
-121.55
-121.78
-122.01
-122.24
-120.13
-120.34
-120.54
-120.75
-120.96
-121.16
-121.37
-121.58
-121.78
-121.99
-120.12
-120.30
-120.49
-120.67
-120.86
-121.05
-121.23
-121.42
-121.61
-121.79
-120.09
-120.26
-120.43
-120.60
-120.77
-120.94
-121.11
-121.28
-121.45
-120.07
-120.23
-120.38
-120.53
-120.68
-120.83
-120.99
-121.14
-121.29
-121.44
-120.05
-120.18
-120.31
-120.45
-120.58
-120.71
-120.84
-120.97
-121.10
-121.23
-120.04
-120.15
-120.26
-120.37
-120.48
-120.60
-120.71
-120.82
-120.93
-121.04
-120.03
-120.12
-120.21
-120.30
-120.39
-120.49
-120.58
-120.67
-120.76
-120.85
-120.02
-120.09
-120.16
-120.23
-120.30
-120.37
-120.44
-120.52
-120.59
-120.66
-120.01
-120.06
-120.11
-120.16
-120.21
-120.26
-120.32
-120.37
-120.42
-120.47
-120.00
-120.04
-120.07
-120.10
-120.13
-120.16
-120.19
-120.22
-120.25
-120.28
-120.00
-120.01
-120.02
-120.03
-120.05
-120.06
-120.07
-120.08
-120.09
-120.10
-120.00
-119.99
-119.98
-119.97
-119.96
-119.96
-119.95
-119.94
-119.93
-119.92
-119.91
-119.85
-119.82
-119.80
-119.77
-119.74
-119.71
-119.68
-119.65
-119.62
-119.59
-119.54
-119.49
-119.45
-119.40
-119.35
-119.31
-119.26
-119.21
-119.17
-119.12
-119.05
-118.99
-118.92
-118.86
-118.80
-118.74
-118.67
-118.61
-118.55
-118.49
-118.38
-118.30
-118.23
-118.15
-118.07
-117.99
-117.92
-117.84
-117.76
-117.68
-117.54
-117.45
-117.36
-117.27
-117.18
-117.09
-116.99
-116.90
-116.81
-116.72
-116.57
-116.47
-116.37
-116.26
-116.16
-116.05
-115.95
-115.84
-115.74
-115.64
-115.50
-115.38
-115.26
-115.14
-115.03
-114.91
-114.79
-114.67
-114.56
-114.44
-114.29
-114.16
-114.03
-113.90
-113.78
-113.65
-113.52
-113.39
-113.26
-113.10
-112.96
-112.82
-112.68
-112.54
-112.40
-112.26
-112.12
-111.98
-111.85
-111.65
-111.50
-111.35
-111.20
-111.05
-110.90
-110.75
-110.60
-110.45
-110.30
-110.11
-109.95
-109.79
-109.63
-109.47
-109.30
-109.14
-108.98
-108.82
-108.66
-108.49
-108.32
-108.15
-107.97
-107.80
-107.63
-107.46
-107.29
-107.11
-106.94
-106.77
-106.58
-106.40
-106.22
-106.04
-105.85
-105.67
-105.49
-105.31
-105.12
-104.91
-104.72
-104.52
-104.33
-104.14
-103.95
-103.75
-103.56
-103.37
-103.17
-102.94
-102.74
-102.54
-102.34
-102.14
-101.93
-101.73
-101.53
-101.33
-101.13
-100.91
-100.70
-100.49
-100.28
-100.06
-99.85
-99.64
-99.43
-99.22
-99.01
-98.79
-98.55
-98.33
-98.11
-97.88
-97.66
-97.44
-97.22
-97.00
-96.77
-96.55
-96.27
-96.04
-95.81
-95.58
-95.35
-95.11
-94.88
-94.65
-94.42
-94.19
-93.94
-93.70
-93.45
-93.21
-92.97
-92.73
-92.49
-92.25
-92.01
-91.77
-91.48
-91.23
-90.98
-90.73
-90.48
-90.22
-89.97
-89.72
-89.47
-89.22
-88.92
-88.65
-88.39
-88.13
-87.87
-87.61
-87.35
-87.09
-86.83
-86.56
-86.27
-86.00
-85.73
-85.46
-85.18
-84.91
-84.64
-84.37
-84.09
-83.82
-83.53
-83.25
-82.97
-82.69
-82.40
-82.12
-81.84
-81.56
-81.27
-80.99
-80.66
-80.37
-80.07
-79.78
-79.48
-79.19
-78.90
-78.60
-78.31
-77.97
-77.67
-77.36
-77.06
-76.76
-76.45
-76.15
-75.84
-75.54
-75.23
-74.87
-74.55
-74.23
-73.92
-73.60
-73.28
-72.97
-72.65
-72.33
-72.02
-71.65
-71.32
-70.99
-70.66
-70.33
-70.00
-69.67
-69.35
-69.02
-68.69
-68.35
-68.00
-67.66
-67.32
-66.97
-66.63
-66.29
-65.94
-65.60
-65.26
-64.90
-64.55
-64.19
-63.83
-63.47
-63.11
-62.75
-62.39
-62.04
-61.68
-61.31
-60.93
-60.56
-60.19
-59.81
-59.44
-59.07
-58.69
-58.32
-57.95
-57.56
-57.16
-56.77
-56.38
-55.98
-55.59
-55.20
-54.80
-54.41
-54.02
-53.61
-53.20
-52.78
-52.37
-51.96
-51.54
-51.13
-50.71
-50.30
-49.88
-49.47
-49.01
-48.57
-48.13
-47.68
-47.24
-46.80
-46.35
-45.91
-45.47
-45.03
-44.54
-44.07
-43.59
-43.11
-42.63
-42.16
-41.68
-41.20
-40.72
-40.24
-39.69
-39.17
-38.65
-38.13
-37.61
-37.08
-36.56
-36.04
-35.52
-35.00
-34.38
-33.80
-33.21
-32.63
-32.05
-31.46
-30.88
-30.30
-29.71
-29.13
-28.40
-27.70
-27.00
-26.29
-25.59
-24.89
-24.19
-23.48
-22.78
-22.08
-21.16
-20.23
-19.29
-18.35
-17.41
-16.48
-15.54
-14.60
-13.66
-12.73
-11.16
-9.21
-7.26
-5.31
-3.36
-1.42
0.53
2.48
4.43
6.38
13.04
23.21
33.40
43.58
53.75
63.92
66.09
62.30
58.50
54.71
52.17
50.91
49.65
48.39
47.13
45.87
44.61
43.35
42.09
40.77
39.39
38.01
36.63
35.25
33.88
32.50
31.12
29.74
28.36
26.82
25.06
23.30
21.54
19.78
18.02
16.26
14.50
12.74
10.98
7.97
2.48
-3.01
-8.50
-13.99
-19.48
-24.97
-30.46
-34.71
-33.28
-32.04
-31.56
-31.08
-30.61
-30.13
-29.65
-29.17
-28.69
-28.22
-27.74
-27.22
-26.67
-26.13
-25.58
-25.03
-24.48
-23.94
-23.39
-22.85
-22.30
-21.68
-21.02
-20.35
-19.68
-19.02
-18.35
-17.69
-17.02
-16.35
-15.69
-14.96
-13.98
-12.99
-12.01
-11.03
-10.04
-9.06
-8.08
-7.09
-6.11
-5.00
-0.12
4.77
9.66
14.54
19.43
24.32
29.20
34.09
38.98
43.87
42.83
41.57
40.30
39.03
37.77
36.51
35.24
33.98
32.71
31.45
30.00
28.56
27.11
25.66
24.22
22.77
21.33
19.88
18.44
16.99
14.76
12.46
10.16
7.86
5.56
3.26
0.96
-1.34
-3.64
-5.94
-7.39
-8.64
-9.90
-11.15
-12.41
-13.66
-14.92
-16.17
-17.43
-18.68
-18.71
-18.29
-17.86
-17.44
-17.02
-16.59
-16.17
-15.74
-15.32
-14.90
-14.34
-13.80
-13.26
-12.72
-12.19
-11.65
-11.11
-10.57
-10.03
-9.49
-8.73
-7.87
-7.01
-6.15
-5.29
-4.43
-3.57
-2.72
-1.86
-1.00
1.67
5.83
10.00
14.16
18.32
21.75
16.89
12.02
7.15
3.94
2.28
0.61
-1.05
-1.77
-1.62
-1.46
-1.31
-1.15
-1.00
-0.96
-1.11
-1.25
-1.40
-1.54
-1.69
-1.47
-1.06
-0.65
-0.24
-0.14
-0.54
-0.94
-1.34
-1.74
-1.85
-1.46
-1.06
-0.66
-0.26
-0.13
-0.53
-0.93
-1.33
-1.73
-1.87
-1.47
-1.07
-0.67
-0.27
0.47
2.47
4.47
6.47
8.47
9.53
7.53
5.53
3.53
1.53
-0.18
-0.54
-0.90
-1.26
-1.63
-1.95
-1.54
-1.14
-0.74
-0.34
-0.06
-0.45
-0.85
-1.25
-1.65
-1.94
-1.54
-1.14
-0.74
-0.34
-0.03
-0.43
-0.83
-1.23
-1.63
-1.97
-1.57
-1.17
-0.77
-0.37
0.01
2.01
4.01
6.01
8.01
9.99
7.99
5.99
3.99
1.99
-0.01
-0.45
-0.82
-1.18
-1.54
-1.90
-1.64
-1.24
-0.83
-0.43
-0.03
-0.34
-0.74
-1.14
-1.54
-1.94
-1.65
-1.25
-0.86
-0.46
-0.06
-0.32
-0.72
-1.12
-1.52
-1.92
-1.68
-1.28
-0.88
-0.48
-0.08
1.58
3.58
5.58
7.58
9.58
8.42
6.42
4.42
2.42
0.42
-0.41
-0.76
-1.10
-1.45
-1.79
-1.74
-1.34
-0.94
-0.53
-0.13
-0.26
-0.66
-1.06
-1.46
-1.85
-1.74
-1.34
-0.94
-0.54
-0.14
-0.22
-0.62
-1.02
-1.42
-1.82
-1.78
-1.38
-0.98
-0.58
0.62
2.59
4.56
6.54
8.51
9.68
7.53
5.38
3.23
1.08
-0.28
-0.64
-1.00
-1.36
-1.73
-1.83
-1.43
-1.03
-0.63
-0.23
-0.16
-0.56
-0.96
-1.36
-1.76
-1.84
-1.44
-1.04
-0.64
-0.24
-0.12
-0.52
-0.92
-1.32
-1.72
-1.88
-1.48
-1.08
-0.68
-0.28
0.56
2.56
4.56
6.56
8.56
9.44
7.44
5.44
3.44
1.44
-0.24
-0.59
-0.93
-1.28
-1.62
-1.94
-1.54
-1.13
-0.73
-0.33
-0.06
-0.46
-0.86
-1.25
-1.66
-1.94
-1.54
-1.14
-0.74
-0.34
-0.02
-0.42
-0.82
-1.22
-1.62
-1.97
-1.57
-1.18
-0.78
-0.38
0.08
2.08
4.08
6.08
8.08
9.92
7.92
5.92
3.92
1.92
-0.08
-0.50
-0.85
-1.19
-1.53
-1.88
-1.64
-1.23
-0.83
-0.43
-0.03
-0.37
-0.77
-1.17
-1.57
-1.97
-1.63
-1.23
-0.83
-0.43
-0.03
-0.34
-0.73
-1.13
-1.53
-1.93
-1.66
-1.26
-0.86
-0.46
-0.06
1.59
3.59
5.59
7.59
9.59
8.41
6.41
4.41
2.41
0.41
-0.38
-0.74
-1.10
-1.47
-1.83
-1.72
-1.32
-0.92
-0.52
-0.11
-0.27
-0.67
-1.07
-1.47
-1.87
-1.73
-1.33
-0.93
-0.53
-0.13
-0.23
-0.62
-1.03
-1.42
-1.82
-1.77
-1.37
-0.97
-0.57
-0.17
1.13
3.12
5.12
7.13
9.12
8.87
6.87
4.88
2.87
1.23
0.05
-1.12
-2.30
-1.96
-1.61
-1.25
-0.89
-0.54
-0.18
-0.17
-0.57
-0.97
-1.37
-1.77
-1.83
-1.43
-1.03
-0.63
-0.23
-0.14
-0.54
-0.94
-1.33
-1.73
-1.86
-1.46
-1.06
-0.66
-0.26
0.65
2.66
4.66
6.66
8.66
9.34
7.34
5.35
3.34
1.34
-0.26
-0.60
-0.94
-1.29
-1.63
-1.92
-1.52
-1.12
-0.72
-0.31
-0.07
-0.47
-0.87
-1.27
-1.67
-1.93
-1.53
-1.13
-0.73
-0.33
-0.05
-0.45
-0.85
-1.25
-1.65
-1.95
-1.55
-1.15
-0.75
-0.35
0.11
2.11
4.11
6.11
8.11
9.89
7.89
5.89
3.89
1.89
-0.11
-0.47
-0.84
-1.20
-1.56
-1.92
-1.62
-1.22
-0.81
-0.41
-0.01
-0.38
-0.77
-1.17
-1.57
-1.97
-1.62
-1.22
-0.82
-0.42
-0.02
-0.34
-0.74
-1.14
-1.54
-1.94
-1.66
-1.26
-0.86
-0.46
-0.06
1.61
3.61
5.61
7.61
9.61
8.39
6.39
4.39
2.39
0.39
-0.35
-0.73
-1.11
-1.49
-1.87
-1.70
-1.30
-0.90
-0.50
-0.10
-0.28
-0.68
-1.08
-1.48
-1.88
-1.72
-1.32
-0.92
-0.52
-0.12
-0.25
-0.65
-1.05
-1.45
-1.85
-1.75
-1.35
-0.95
-0.55
-0.15
1.27
3.27
5.27
7.27
9.27
8.73
6.73
4.73
2.73
1.13
0.02
-1.09
-2.19
-1.98
-1.62
-1.26
-0.90
-0.54
-0.18
-0.20
-0.60
-1.00
-1.40
-1.80
-1.80
-1.40
-1.00
-0.60
-0.20
-0.16
-0.56
-0.96
-1.36
-1.76
-1.84
-1.44
-1.04
-0.64
-0.24
0.68
2.68
4.68
6.68
8.68
9.32
7.32
5.32
3.32
1.32
-0.22
-0.58
-0.95
-1.31
-1.67
-1.90
-1.50
-1.09
-0.69
-0.29
-0.10
-0.50
-0.90
-1.30
-1.70
-1.89
-1.50
-1.10
-0.70
-0.30
-0.05
-0.45
-0.85
-1.25
-1.65
-1.94
-1.54
-1.14
-0.75
-0.35
0.18
2.18
4.18
6.18
8.18
9.82
7.82
5.82
3.82
1.82
-0.12
-0.49
-0.85
-1.21
-1.57
-1.94
-1.60
-1.20
-0.80
-0.40
-0.00
-0.40
-0.80
-1.20
-1.60
-1.99
-1.59
-1.19
-0.80
-0.40
0.00
-0.36
-0.76
-1.16
-1.56
-1.96
-1.64
-1.24
-0.84
-0.44
-0.04
1.74
3.74
5.74
7.74
9.74
8.26
6.26
4.26
2.26
0.26
-0.44
-0.79
-1.13
-1.48
-1.82
-1.71
-1.30
-0.90
-0.50
-0.10
-0.30
-0.70
-1.10
-1.50
-1.90
-1.70
-1.30
-0.90
-0.50
-0.10
-0.27
-0.67
-1.07
-1.47
-1.87
-1.73
-1.33
-0.93
-0.53
-0.13
1.19
3.19
5.19
7.19
9.19
8.81
6.81
4.81
2.81
0.81
-0.31
-0.68
-1.04
-1.40
-1.76
-1.79
-1.39
-0.99
-0.59
-0.51
-0.80
-1.09
-1.38
-1.67
-1.82
-1.42
-1.01
-0.61
-0.20
-0.17
-0.57
-0.97
-1.37
-1.77
-1.83
-1.43
-1.03
-0.63
-0.23
0.74
2.74
4.74
6.74
8.74
9.26
7.26
5.26
3.26
1.26
-0.23
-0.59
-0.95
-1.31
-1.67
-1.89
-1.49
-1.09
-0.69
-0.29
-0.10
-0.50
-0.90
-1.30
-1.70
-1.90
-1.50
-1.10
-0.70
-0.30
-0.06
-0.45
-0.85
-1.23
-1.63
-2.02
-1.69
-1.12
-0.55
0.02
0.77
3.02
5.27
7.51
9.76
11.50
9.24
6.98
4.72
2.47
0.24
0.18
0.12
0.05
-0.01
-0.06
-0.04
-0.03
-0.02
-0.01
0.00
0.00
0.00
0.00
0.00
0.00
0.00
0.00
0.00
0.00
0.00
0.00
0.00
0.00
0.00
0.00
0.00
0.00
0.00
0.00
0.00
-0.02
-0.04
-0.06
-0.08
-0.10
-0.05
0.08
0.21
0.35
0.48
0.68
0.94
1.19
1.44
1.70
1.56
1.31
1.06
0.80
0.55
-1.14
-3.28
-5.41
-7.55
-9.69
-8.65
-6.49
-4.34
-2.18
-0.03
0.99
1.49
1.99
2.48
2.98
3.48
3.04
2.58
2.12
1.65
1.40
1.34
1.28
1.23
1.17
1.11
1.05
0.99
0.93
0.87
0.81
0.77
0.72
0.67
0.62
0.57
0.52
0.48
0.43
0.34
0.29
0.24
0.20
0.15
0.10
0.06
0.01
-0.03
-0.08
-0.08
-0.12
-0.17
-0.21
-0.26
-0.30
-0.35
-0.39
-0.44
-0.48
-0.50
-0.54
-0.59
-0.63
-0.67
-0.72
-0.76
-0.81
-0.85
-0.89
-0.91
-0.95
-1.00
-1.04
-1.08
-1.12
-1.16
-1.21
-1.25
-1.29
-1.33
-1.36
-1.40
-1.43
-1.46
-1.50
-1.53
-1.56
-1.60
-1.63
-1.62
-1.60
-1.58
-1.56
-1.54
-1.52
-1.50
-1.48
-1.45
-1.43
-0.89
2.61
6.11
9.61
13.11
16.61
20.11
23.61
27.11
30.61
33.93
35.44
36.95
38.46
39.96
41.47
42.98
44.48
45.99
47.50
48.90
48.86
48.82
48.78
48.74
48.70
48.66
48.62
48.58
48.54
48.50
48.42
48.36
48.30
48.25
48.19
48.13
48.07
48.01
47.95
47.89
47.83
47.77
47.71
47.65
47.59
47.53
47.47
47.41
47.35
47.29
47.17
47.12
47.07
47.01
46.96
46.90
46.85
46.79
46.74
46.68
46.59
46.56
46.53
46.49
46.46
46.42
46.39
46.35
46.32
46.29
46.27
46.29
46.31
46.33
46.35
46.37
46.38
46.40
46.42
46.44
46.53
46.66
46.79
46.93
47.06
47.19
47.32
47.46
47.59
47.72
48.41
49.50
50.59
51.68
52.78
53.87
54.96
56.06
57.15
76.93
112.57
148.18
183.78
219.39
254.99
290.59
326.20
361.80
397.41
120.38
121.21
122.03
122.85
123.68
124.50
125.32
126.15
126.97
127.80
120.41
121.38
122.34
123.30
124.27
125.23
126.20
127.16
128.13
129.09
121.65
126.39
131.14
135.88
140.63
145.38
150.12
154.86
159.61
164.36
126.32
148.35
170.38
192.40
214.43
236.46
258.49
280.49
302.54
324.57
130.60
177.94
225.27
272.61
319.95
367.28
414.62
461.91
509.29
556.58
163.86
397.16
630.23
863.76
1097.06
1330.36
1563.66
1796.96
2030.26
2263.56
134.57
281.94
429.02
576.39
723.61
870.83
1018.05
1165.28
1312.50
1459.72
120.69
131.54
142.39
153.23
164.09
174.94
185.79
196.64
207.49
218.34
120.10
122.46
124.81
127.17
129.52
131.88
134.23
136.58
138.94
141.29
143.65
121.44
122.96
124.49
126.01
127.53
129.05
130.57
132.09
133.61
135.13
121.90
124.05
126.20
128.35
130.50
132.65
134.80
136.94
139.09
141.24
122.65
125.87
129.09
132.31
135.53
138.75
141.97
145.19
148.41
151.63
122.57
126.16
129.74
133.33
136.91
140.50
144.08
147.66
151.25
154.84
122.10
125.10
128.10
131.10
134.10
137.10
140.10
143.10
146.09
149.09
121.52
123.99
126.47
128.94
131.41
133.89
136.36
138.84
141.31
143.79
121.51
123.93
126.35
128.76
131.18
133.59
136.01
138.43
140.84
121.17
123.56
125.95
128.33
130.72
133.10
135.49
137.87
140.26
142.64
121.08
123.45
125.83
128.20
130.57
132.95
135.32
137.69
140.06
142.44
120.88
123.22
125.56
127.89
130.22
132.56
134.90
137.24
139.57
141.91
120.80
123.07
125.35
127.63
129.90
132.18
134.45
136.73
139.01
141.28
120.56
122.77
124.98
127.20
129.41
131.62
133.84
136.05
138.26
140.48
120.47
122.62
124.77
126.93
129.08
131.23
133.39
135.54
137.69
139.84
120.29
122.38
124.47
126.57
128.66
130.75
132.85
134.94
137.03
139.13
120.19
122.22
124.26
126.29
128.32
130.35
132.39
134.42
136.45
138.49
140.52
121.91
123.88
125.86
127.83
129.81
131.78
133.75
135.72
137.70
139.67
121.86
123.77
125.68
127.59
129.51
131.42
133.33
135.25
137.16
139.07
121.65
123.50
125.35
127.21
129.06
130.91
132.76
134.62
136.47
138.32
121.55
123.34
125.13
126.93
128.72
130.51
132.31
134.10
135.89
137.68
121.31
123.04
124.78
126.51
128.24
129.98
131.71
133.44
135.18
136.91
121.23
122.90
124.57
126.24
127.91
129.58
131.25
132.92
134.59
136.26
121.06
122.67
124.28
125.89
127.50
129.11
130.72
132.33
133.94
135.55
120.98
122.53
124.08
125.63
127.18
128.73
130.28
131.83
133.38
120.78
122.28
123.77
125.27
126.77
128.26
129.76
131.25
132.75
134.25
120.72
122.16
123.60
125.03
126.47
127.90
129.34
130.78
132.21
133.65
120.55
121.92
123.30
124.68
126.05
127.43
128.80
130.18
131.56
132.93
120.50
121.82
123.13
124.45
125.76
127.08
128.40
129.71
131.03
132.34
120.38
121.63
122.89
124.14
125.40
126.66
127.91
129.17
130.42
131.68
120.30
121.50
122.70
123.89
125.09
126.28
127.48
128.68
129.87
131.07
120.17
121.30
122.44
123.57
124.70
125.83
126.97
128.10
129.23
130.37
120.12
121.20
122.27
123.34
124.41
125.49
126.56
127.63
128.71
129.78
120.05
121.07
122.08
123.09
124.10
125.12
126.13
127.14
128.16
129.17
130.18
120.94
121.90
122.85
123.80
124.75
125.71
126.66
127.61
128.57
129.52
120.85
121.74
122.64
123.53
124.42
125.32
126.21
127.10
128.00
128.89
120.73
121.56
122.39
123.23
124.06
124.89
125.73
126.56
127.39
128.23
120.61
121.38
122.15
122.93
123.70
124.47
125.25
126.02
126.79
127.57
120.53
121.25
121.96
122.67
123.39
124.10
124.81
125.53
126.24
126.95
120.44
121.09
121.74
122.39
123.04
123.69
124.34
124.99
125.64
126.29
120.37
120.96
121.55
122.14
122.73
123.32
123.91
124.50
125.09
120.30
120.84
121.37
121.91
122.44
122.98
123.52
124.05
124.59
125.12
120.24
120.72
121.19
121.67
122.15
122.62
123.10
123.57
124.05
124.52
120.18
120.59
121.01
121.43
121.84
122.26
122.67
123.09
123.51
123.92
120.14
120.50
120.85
121.21
121.56
121.92
122.28
122.63
122.99
123.34
120.09
120.39
120.68
120.98
121.27
121.57
121.87
122.16
122.46
122.75
120.07
120.31
120.55
120.78
121.02
121.25
121.49
121.73
121.96
122.20
120.04
120.21
120.39
120.56
120.74
120.92
121.09
121.27
121.44
121.62
120.02
120.13
120.24
120.35
120.47
120.58
120.69
120.81
120.92
121.03
120.01
120.06
120.11
120.17
120.22
120.27
120.32
120.38
120.43
120.48
120.00
119.99
119.99
119.98
119.97
119.96
119.96
119.95
119.94
119.94
119.93
119.82
119.75
119.69
119.62
119.56
119.50
119.43
119.37
119.30
119.24
119.12
119.01
118.90
118.78
118.67
118.56
118.45
118.34
118.23
118.12
117.95
117.81
117.66
117.51
117.36
117.21
117.06
116.91
116.76
116.61
116.44
116.26
116.08
115.90
115.71
115.53
115.35
115.17
114.99
114.81
114.57
114.37
114.16
113.96
113.75
113.55
113.34
113.13
112.93
112.72
112.47
112.24
112.01
111.78
111.56
111.33
111.10
110.88
110.65
110.42
110.14
109.89
109.64
109.40
109.15
108.90
108.66
108.41
108.16
107.86
107.60
107.34
107.08
106.82
106.57
106.31
106.05
105.79
105.53
105.23
104.95
104.68
104.41
104.13
103.86
103.59
103.31
103.04
102.77
102.49
102.20
101.91
101.62
101.33
101.04
100.76
100.47
100.18
99.89
99.55
99.25
98.95
98.66
98.36
98.06
97.76
97.46
97.16
96.86
96.51
96.20
95.90
95.59
95.29
94.98
94.68
94.37
94.06
93.76
93.40
93.09
92.78
92.46
92.15
91.84
91.52
91.21
90.90
90.58
90.24
89.92
89.60
89.28
88.96
88.64
88.32
88.01
87.69
87.37
87.03
86.70
86.38
86.05
85.73
85.40
85.07
84.75
84.42
84.10
83.74
83.41
83.08
82.75
82.42
82.09
81.76
81.43
81.11
80.78
80.44
80.07
79.74
79.40
79.06
78.73
78.39
78.06
77.72
77.38
77.05
76.66
76.32
75.98
75.64
75.30
74.96
74.62
74.28
73.94
73.61
73.26
72.91
72.56
72.22
71.87
71.52
71.18
70.83
70.48
70.14
69.73
69.38
69.04
68.69
68.34
67.99
67.64
67.29
66.94
66.60
66.23
65.88
65.53
65.19
64.84
64.49
64.15
63.80
63.46
63.11
62.76
62.41
62.05
61.70
61.35
61.00
60.65
60.29
59.94
59.59
59.23
58.87
58.52
58.17
57.82
57.47
57.11
56.76
56.41
56.01
55.65
55.30
54.94
54.58
54.22
53.87
53.51
53.15
52.80
52.38
52.03
51.68
51.32
50.97
50.61
50.26
49.90
49.55
49.19
48.78
48.42
48.05
47.69
47.32
46.96
46.59
46.23
45.87
45.50
45.10
44.73
44.37
44.00
43.64
43.27
42.91
42.54
42.18
41.81
41.41
41.05
40.70
40.34
39.98
39.63
39.27
38.92
38.56
38.20
37.83
37.50
37.16
36.82
36.48
36.14
35.80
35.46
35.13
34.79
34.42
34.08
33.73
33.39
33.04
32.70
32.35
32.00
31.66
31.31
30.91
30.54
30.16
29.79
29.42
29.04
28.67
28.30
27.92
27.55
27.14
26.77
26.39
26.02
25.64
25.27
24.89
24.52
24.14
23.77
23.33
22.99
22.64
22.30
21.95
21.61
21.26
20.92
20.57
20.22
19.88
19.58
19.29
19.00
18.71
18.42
18.13
17.84
17.55
17.25
16.96
16.62
16.27
15.93
15.58
15.24
14.90
14.55
14.21
13.86
13.52
13.03
12.55
12.08
11.61
11.14
10.66
10.19
9.72
9.24
8.77
8.78
8.98
9.17
9.36
9.56
9.75
9.94
9.78
9.32
8.85
8.00
7.03
6.06
5.09
4.12
3.15
2.18
1.64
1.56
1.48
2.55
4.20
5.85
7.51
6.64
5.40
4.15
2.91
1.66
0.41
-0.52
-1.29
-2.07
-2.85
-3.62
-3.55
-2.75
-1.94
-1.14
-1.01
-1.56
-2.11
-2.66
-3.21
-3.75
-3.00
-2.14
-1.27
-0.41
0.79
2.40
4.00
5.60
7.20
7.21
5.61
4.01
2.41
0.81
-0.43
-1.18
-1.94
-2.69
-3.45
-3.72
-2.91
-2.10
-1.29
-0.48
-0.30
-1.10
-1.90
-2.70
-3.50
-3.70
-2.90
-2.10
-1.30
-0.50
0.50
2.10
3.70
5.31
6.91
7.47
5.89
4.31
2.73
1.15
-0.20
-1.00
-1.80
-2.60
-3.40
-3.80
-3.00
-2.20
-1.40
-0.60
-0.08
-0.90
-1.72
-2.55
-3.37
-3.84
-3.04
-2.25
-1.45
-0.66
0.20
1.80
3.40
5.00
6.60
7.80
6.20
4.60
3.00
1.40
-0.14
-0.89
-1.65
-2.40
-3.16
-3.91
-3.22
-2.41
-1.60
-0.79
-0.01
-0.81
-1.61
-2.41
-3.20
-3.99
-3.19
-2.39
-1.59
-0.79
0.01
1.55
3.15
4.75
6.35
7.95
6.44
4.86
3.28
1.69
0.11
-0.75
-1.52
-2.30
-3.08
-3.85
-3.31
-2.51
-1.70
-0.90
-0.09
-0.58
-1.40
-2.23
-3.05
-3.87
-3.35
-2.56
-1.76
-0.97
-0.18
1.22
2.82
4.42
6.02
7.62
6.79
5.19
3.58
1.98
0.38
-0.63
-1.38
-2.14
-2.89
-3.64
-3.50
-2.69
-1.88
-1.08
-0.27
-0.52
-1.32
-2.12
-2.92
-3.72
-3.48
-2.68
-1.88
-1.08
0.18
1.77
3.36
4.95
6.55
8.14
6.41
4.55
2.68
0.82
-0.47
-1.25
-2.02
-2.80
-3.58
-3.60
-2.80
-1.99
-1.19
-0.38
-0.28
-1.10
-1.92
-2.75
-3.57
-3.65
-2.85
-2.06
-1.26
-0.47
0.55
2.00
3.46
4.91
6.37
7.83
6.34
4.73
3.12
1.51
0.16
-0.32
-0.81
-1.29
-1.77
-2.13
-1.57
-1.01
-0.46
0.10
0.33
-0.23
-0.80
-1.36
-1.92
-1.85
-1.46
-1.07
-0.68
-0.29
-0.08
-0.48
-0.88
-1.27
-1.67
-1.92
-1.52
-1.12
-0.72
-0.32
0.34
2.55
4.76
6.97
9.18
9.02
7.05
5.09
3.13
1.16
-0.70
-1.29
-1.89
-2.48
-3.07
-3.67
-3.09
-2.43
-1.77
-1.12
-0.44
-1.09
-1.73
-2.38
-3.03
-3.68
-3.32
-2.48
-1.65
-0.81
0.02
1.43
2.89
4.35
5.80
7.26
6.97
5.36
3.75
2.14
0.53
-0.10
-0.60
-1.10
-1.60
-2.11
-1.77
-1.22
-0.66
-0.11
0.45
0.00
-0.56
-1.13
-1.69
-2.01
-1.62
-1.23
-0.84
-0.45
-0.06
-0.32
-0.72
-1.12
-1.52
-1.92
-1.68
-1.28
-0.88
-0.48
-0.08
1.43
3.44
5.44
7.44
9.44
8.57
6.56
4.56
2.56
0.57
-0.32
-0.70
-1.08
-1.46
-1.84
-1.73
-1.33
-0.93
-0.53
-0.54
-0.83
-1.12
-1.41
-1.70
-1.78
-1.37
-0.97
-0.56
-0.16
-0.23
-0.63
-1.03
-1.42
-1.82
-1.77
-1.37
-0.97
-0.57
-0.17
1.05
3.26
5.47
7.69
9.90
8.39
6.42
4.46
2.49
0.53
-0.80
-1.41
-2.02
-2.62
-3.23
-3.84
-3.02
-2.17
-1.33
-0.48
-0.07
-0.49
-0.91
-1.33
-1.75
-1.87
-1.47
-1.07
-0.67
-0.27
-0.24
-1.04
-1.84
-2.64
-3.44
-3.75
-2.95
-2.15
-1.36
-0.55
0.48
2.30
4.13
5.95
7.78
9.60
8.15
6.11
4.06
2.01
0.21
-0.29
-0.79
-1.29
-1.79
-1.90
-1.51
-1.11
-0.72
-0.32
-0.05
-0.45
-0.85
-1.25
-1.65
-1.95
-1.55
-1.15
-0.75
-0.35
-0.02
-0.42
-0.82
-1.22
-1.62
-1.98
-1.58
-1.18
-0.78
-0.38
0.02
1.96
3.96
5.96
7.96
9.96
8.04
6.04
4.04
2.04
0.04
-0.42
-0.80
-1.18
-1.56
-1.94
-1.63
-1.23
-0.82
-0.42
-0.02
-0.36
-0.76
-1.16
-1.56
-1.96
-1.64
-1.24
-0.84
-0.44
-0.04
-0.33
-0.73
-1.13
-1.53
-1.93
-1.67
-1.26
-0.87
-0.47
-0.07
1.46
3.46
5.46
7.46
9.46
8.54
6.54
4.54
2.54
0.54
-0.28
-0.68
-1.08
-1.48
-1.88
-1.71
-1.31
-0.91
-0.51
-0.12
-0.25
-0.65
-1.05
-1.45
-1.84
-1.75
-1.35
-0.95
-0.55
-0.53
-0.82
-1.11
-1.40
-1.69
-1.79
-1.39
-0.98
-0.58
-0.17
-0.20
-0.60
-1.00
-1.40
-1.80
-1.80
-1.40
-1.00
-0.60
-0.20
0.92
2.92
4.92
6.92
8.92
9.08
7.08
5.08
3.08
1.08
-0.26
-0.63
-0.99
-1.35
-1.71
-1.85
-1.45
-1.05
-0.64
-0.24
-0.13
-0.53
-0.93
-1.33
-1.73
-1.86
-1.46
-1.07
-0.67
-0.27
-0.11
-0.51
-0.91
-1.31
-1.70
-1.89
-1.49
-1.09
-0.69
-0.29
0.42
2.42
4.42
6.42
8.42
9.58
7.58
5.58
3.58
1.58
-0.16
-0.53
-0.89
-1.25
-1.61
-1.96
-1.56
-1.16
-0.75
-0.35
-0.04
-0.44
-0.84
-1.24
-1.64
-1.96
-1.56
-1.16
-0.76
-0.36
-0.00
-0.40
-0.80
-1.20
-1.60
-2.00
-1.60
-1.20
-0.80
-0.40
0.00
1.96
3.96
5.96
7.96
9.96
8.04
6.04
4.04
2.04
0.04
-0.44
-0.81
-1.17
-1.53
-1.89
-1.65
-1.25
-0.85
-0.44
-0.04
-0.34
-0.74
-1.14
-1.54
-1.94
-1.66
-1.26
-0.86
-0.46
-0.06
-0.30
-0.70
-1.10
-1.50
-1.90
-1.70
-1.30
-0.90
-0.50
-0.10
1.46
3.46
5.46
7.46
9.46
8.54
6.54
4.54
2.54
0.54
-0.36
-0.72
-1.08
-1.44
-1.81
-1.75
-1.34
-0.94
-0.54
-0.53
-0.82
-1.12
-1.41
-1.70
-1.78
-1.38
-0.97
-0.57
-0.16
-0.20
-0.60
-1.00
-1.40
-1.80
-1.80
-1.40
-1.00
-0.60
-0.20
1.00
3.00
5.00
6.99
9.00
9.00
7.00
5.00
3.00
1.01
-0.27
-0.63
-1.00
-1.36
-1.72
-1.84
-1.44
-1.04
-0.64
-0.23
-0.13
-0.53
-0.93
-1.33
-1.73
-1.87
-1.47
-1.07
-0.67
-0.27
-0.11
-0.51
-0.91
-1.31
-1.71
-1.89
-1.49
-1.09
-0.69
-0.29
0.50
2.50
4.50
6.50
8.50
9.50
7.50
5.50
3.50
1.50
-0.14
-0.52
-0.90
-1.28
-1.67
-1.92
-1.52
-1.12
-0.72
-0.31
-0.05
-0.45
-0.85
-1.25
-1.65
-1.95
-1.55
-1.15
-0.75
-0.35
-0.02
-0.42
-0.82
-1.22
-1.62
-1.98
-1.58
-1.18
-0.78
-0.38
0.02
1.99
3.98
5.98
7.99
9.99
8.01
6.01
4.01
2.01
0.01
-0.46
-0.82
-1.18
-1.54
-1.91
-1.63
-1.23
-0.83
-0.43
-0.03
-0.35
-0.75
-1.15
-1.55
-1.95
-1.65
-1.25
-0.85
-0.45
-0.05
-0.31
-0.71
-1.11
-1.51
-1.91
-1.69
-1.29
-0.89
-0.49
-0.09
1.52
3.52
5.52
7.52
9.52
8.48
6.48
4.48
2.48
0.48
-0.41
-0.75
-1.09
-1.44
-1.78
-1.75
-1.35
-0.94
-0.54
-0.14
-0.26
-0.66
-1.06
-1.46
-1.86
-1.74
-1.34
-0.94
-0.54
-0.53
-0.82
-1.11
-1.40
-1.69
-1.79
-1.39
-0.98
-0.58
-0.17
-0.21
-0.61
-1.01
-1.41
-1.81
-1.79
-1.39
-0.99
-0.59
-0.19
0.84
2.84
4.84
6.84
8.84
9.16
7.16
5.16
3.16
1.16
-0.16
-0.56
-0.96
-1.36
-1.76
-1.84
-1.44
-1.04
-0.64
-0.24
-0.13
-0.53
-0.93
-1.33
-1.73
-1.87
-1.47
-1.07
-0.67
-0.27
-0.11
-0.51
-0.91
-1.31
-1.71
-1.89
-1.49
-1.09
-0.69
-0.29
0.40
2.40
4.40
6.40
8.40
9.60
7.60
5.60
3.60
1.60
-0.17
-0.53
-0.89
-1.26
-1.62
-1.95
-1.55
-1.15
-0.75
-0.35
-0.02
-0.42
-0.82
-1.22
-1.62
-1.98
-1.58
-1.18
-0.78
-0.38
-0.01
-0.40
-0.81
-1.20
-1.60
-1.99
-1.59
-1.19
-0.79
-0.39
0.01
1.95
3.95
5.95
7.95
9.95
8.05
6.05
4.05
2.05
0.05
-0.42
-0.80
-1.18
-1.56
-1.94
-1.63
-1.23
-0.83
-0.43
-0.03
-0.32
-0.72
-1.12
-1.52
-1.92
-1.68
-1.28
-0.88
-0.48
-0.08
-0.32
-0.72
-1.12
-1.52
-1.92
-1.68
-1.28
-0.88
-0.48
-0.08
1.42
3.42
5.42
7.42
9.42
8.58
6.58
4.58
2.58
0.58
-0.31
-0.70
-1.08
-1.46
-1.84
-1.74
-1.34
-0.93
-0.53
-0.53
-0.82
-1.12
-1.41
-1.70
-1.78
-1.38
-0.97
-0.57
-0.16
-0.22
-0.62
-1.02
-1.42
-1.82
-1.78
-1.38
-0.98
-0.58
-0.18
0.95
2.95
4.95
6.95
8.95
9.05
7.05
5.05
3.05
1.05
-0.23
-0.61
-0.99
-1.37
-1.75
-1.83
-1.43
-1.03
-0.62
-0.22
-0.14
-0.54
-0.94
-1.34
-1.74
-1.85
-1.45
-1.05
-0.65
-0.26
-0.12
-0.52
-0.92
-1.32
-1.72
-1.88
-1.48
-1.08
-0.68
-0.28
0.42
2.42
4.42
6.42
8.42
9.58
7.58
5.58
3.58
1.58
-0.08
-0.48
-0.88
-1.28
-1.68
-1.92
-1.52
-1.12
-0.72
-0.32
-0.05
-0.44
-0.84
-1.24
-1.64
-1.95
-1.55
-1.15
-0.75
-0.35
-0.03
-0.43
-0.83
-1.23
-1.63
-1.97
-1.57
-1.17
-0.77
-0.37
0.03
2.19
4.40
6.61
8.82
9.34
7.38
5.41
3.45
1.49
-0.48
-0.16
0.31
0.78
1.25
1.72
2.19
2.66
3.13
3.60
4.06
4.42
4.82
5.21
5.61
6.01
6.41
6.80
7.20
7.60
8.00
8.38
8.79
9.20
9.61
10.01
10.42
10.83
11.24
11.65
12.06
12.41
12.82
13.23
13.64
14.05
14.45
14.86
15.27
15.68
16.09
16.47
16.86
17.26
17.65
18.05
18.45
18.84
19.24
19.63
19.97
20.36
20.74
21.12
21.51
21.89
22.27
22.65
23.04
23.42
23.79
24.15
24.51
24.87
25.23
25.60
25.96
26.32
26.68
27.05
27.33
27.63
27.92
28.22
28.51
28.81
29.10
29.40
29.69
29.98
30.22
30.42
30.62
30.82
31.02
31.23
31.43
31.63
31.83
32.03
32.15
32.30
32.45
32.60
32.75
32.90
33.05
33.20
33.35
33.50
33.61
33.65
33.68
33.72
33.75
33.79
33.82
33.86
33.89
33.93
33.91
33.94
33.97
34.00
34.03
34.06
34.09
34.12
34.15
34.18
34.22
34.34
34.46
34.58
34.70
34.82
34.94
35.06
35.18
35.30
35.42
35.55
35.69
35.82
35.96
36.09
36.23
36.37
36.50
36.64
36.73
36.81
36.89
36.97
37.05
37.12
37.20
37.28
37.36
37.44
37.50
37.44
37.37
37.31
37.25
37.18
37.12
37.06
36.99
36.93
36.84
36.61
36.38
36.15
35.92
35.69
35.47
35.24
35.01
34.78
34.55
34.35
34.18
34.02
33.85
33.68
33.51
33.34
33.17
33.01
32.84
32.48
32.15
31.82
31.49
31.16
30.83
30.50
30.17
29.83
29.50
28.37
27.02
25.67
24.33
22.98
21.64
20.30
18.95
17.61
16.26
15.28
14.50
13.72
12.94
12.16
11.38
10.60
9.82
9.04
8.26
7.79
7.50
7.21
6.93
6.64
6.35
6.07
5.78
5.49
4.97
4.33
3.69
3.06
2.42
1.78
1.15
0.51
-0.13
-0.76
-1.74
-3.11
-4.48
-5.85
-7.22
-8.59
-9.96
-11.33
-12.70
-14.06
-15.60
-17.33
-19.04
-20.77
-22.49
-24.21
-25.93
-27.65
-29.37
-31.10
-35.03
-42.61
-50.19
-57.77
-65.35
-72.93
-80.52
-88.10
-95.67
-103.26
-109.27
-112.32
-115.37
-118.41
-121.46
-124.50
-127.54
-130.59
-133.63
-136.68
-120.29
-121.29
-122.28
-123.28
-124.28
-125.28
-126.28
-127.27
-128.27
-129.27
-120.18
-120.93
-121.68
-122.43
-123.17
-123.92
-124.67
-125.42
-126.16
-126.91
-120.15
-120.89
-121.63
-122.38
-123.12
-123.87
-124.61
-125.35
-126.10
-126.84
-120.11
-121.04
-121.97
-122.90
-123.83
-124.76
-125.69
-126.62
-127.55
-128.48
-120.03
-121.12
-122.20
-123.29
-124.38
-125.46
-126.55
-127.63
-128.72
-129.80
-130.89
-121.13
-122.27
-123.42
-124.56
-125.71
-126.85
-128.00
-129.14
-130.29
-131.43
-121.05
-122.21
-123.37
-124.53
-125.69
-126.85
-128.01
-129.17
-130.33
-131.49
-121.03
-122.24
-123.44
-124.64
-125.84
-127.04
-128.24
-129.44
-130.64
-131.84
-120.99
-122.24
-123.48
-124.73
-125.97
-127.21
-128.46
-129.70
-130.95
-132.19
-120.93
-122.16
-123.38
-124.60
-125.83
-127.05
-128.27
-129.49
-130.72
-131.94
-120.75
-121.88
-123.00
-124.13
-125.26
-126.38
-127.51
-128.64
-129.76
-120.67
-121.71
-122.75
-123.79
-124.83
-125.87
-126.91
-127.95
-128.99
-130.03
-120.53
-121.52
-122.51
-123.50
-124.49
-125.47
-126.46
-127.45
-128.44
-129.43
-120.51
-121.47
-122.43
-123.39
-124.35
-125.31
-126.26
-127.22
-128.18
-129.14
-120.42
-121.37
-122.31
-123.26
-124.21
-125.16
-126.11
-127.05
-128.00
-128.95
-120.36
-121.29
-122.23
-123.17
-124.11
-125.05
-125.98
-126.92
-127.86
-128.80
-120.26
-121.16
-122.07
-122.98
-123.89
-124.79
-125.70
-126.61
-127.52
-128.42
-120.23
-121.12
-122.01
-122.90
-123.78
-124.67
-125.56
-126.45
-127.33
-128.22
-120.16
-121.04
-121.92
-122.79
-123.67
-124.55
-125.42
-126.30
-127.18
-128.05
-120.14
-121.01
-121.87
-122.74
-123.61
-124.47
-125.34
-126.21
-127.07
-127.94
-120.07
-120.91
-121.76
-122.60
-123.45
-124.30
-125.14
-125.99
-126.83
-127.68
-120.02
-120.84
-121.65
-122.47
-123.29
-124.10
-124.92
-125.74
-126.56
-127.37
-128.19
-120.74
-121.54
-122.33
-123.13
-123.93
-124.72
-125.52
-126.32
-127.12
-127.91
-120.71
-121.48
-122.26
-123.04
-123.81
-124.59
-125.37
-126.15
-126.92
-127.70
-120.63
-121.38
-122.14
-122.90
-123.66
-124.41
-125.17
-125.93
-126.68
-127.44
-120.58
-121.31
-122.05
-122.78
-123.52
-124.26
-124.99
-125.73
-126.47
-127.20
-120.52
-121.24
-121.96
-122.67
-123.39
-124.10
-124.82
-125.54
-126.25
-126.97
-120.48
-121.18
-121.88
-122.57
-123.27
-123.96
-124.66
-125.36
-126.05
-120.40
-121.07
-121.75
-122.43
-123.11
-123.79
-124.47
-125.14
-125.82
-126.50
-120.36
-121.02
-121.68
-122.34
-122.99
-123.65
-124.31
-124.97
-125.63
-126.28
-120.32
-120.95
-121.59
-122.23
-122.87
-123.51
-124.14
-124.78
-125.42
-126.06
-120.27
-120.89
-121.50
-122.12
-122.74
-123.36
-123.98
-124.60
-125.21
-125.83
-120.20
-120.79
-121.39
-121.99
-122.59
-123.19
-123.79
-124.38
-124.98
-125.58
-120.18
-120.76
-121.33
-121.91
-122.49
-123.06
-123.64
-124.22
-124.80
-125.37
-120.12
-120.68
-121.24
-121.79
-122.35
-122.91
-123.47
-124.02
-124.58
-125.14
-120.10
-120.63
-121.17
-121.71
-122.24
-122.78
-123.32
-123.86
-124.39
-124.93
-120.06
-120.58
-121.10
-121.62
-122.13
-122.65
-123.17
-123.68
-124.20
-124.72
-120.03
-120.52
-121.02
-121.52
-122.01
-122.51
-123.01
-123.51
-124.00
-124.50
-125.00
-120.48
-120.95
-121.43
-121.91
-122.38
-122.86
-123.34
-123.82
-124.29
-124.77
-120.43
-120.89
-121.34
-121.80
-122.26
-122.71
-123.17
-123.63
-124.09
-124.54
-120.36
-120.80
-121.23
-121.67
-122.11
-122.55
-122.98
-123.42
-123.86
-124.29
-120.34
-120.76
-121.18
-121.59
-122.01
-122.43
-122.85
-123.26
-123.68
-124.10
-120.30
-120.70
-121.10
-121.49
-121.89
-122.29
-122.68
-123.08
-123.47
-123.87
-120.26
-120.64
-121.01
-121.39
-121.77
-122.14
-122.52
-122.90
-123.27
-120.23
-120.58
-120.94
-121.30
-121.66
-122.02
-122.38
-122.73
-123.09
-123.45
-120.19
-120.53
-120.87
-121.21
-121.55
-121.88
-122.22
-122.56
-122.90
-123.24
-120.16
-120.48
-120.80
-121.12
-121.44
-121.75
-122.07
-122.39
-122.71
-123.03
-120.14
-120.44
-120.74
-121.04
-121.34
-121.63
-121.93
-122.23
-122.53
-122.83
-120.11
-120.39
-120.67
-120.95
-121.22
-121.50
-121.78
-122.06
-122.34
-122.62
-120.09
-120.35
-120.61
-120.87
-121.12
-121.38
-121.64
-121.90
-122.16
-122.42
-120.07
-120.31
-120.55
-120.78
-121.02
-121.26
-121.50
-121.74
-121.98
-122.21
-120.05
-120.26
-120.48
-120.70
-120.92
-121.13
-121.35
-121.57
-121.78
-122.00
-120.02
-120.22
-120.42
-120.61
-120.81
-121.01
-121.21
-121.40
-121.60
-121.80
-120.01
-120.19
-120.36
-120.54
-120.71
-120.88
-121.06
-121.23
-121.40
-121.58
-120.00
-120.16
-120.31
-120.46
-120.62
-120.77
-120.92
-121.08
-121.23
-121.39
-121.54
-120.13
-120.27
-120.41
-120.54
-120.68
-120.82
-120.95
-121.09
-121.23
-121.36
-120.10
-120.22
-120.34
-120.45
-120.57
-120.69
-120.80
-120.92
-121.04
-121.16
-120.08
-120.18
-120.28
-120.37
-120.47
-120.57
-120.67
-120.76
-120.86
-120.96
-120.06
-120.13
-120.21
-120.28
-120.36
-120.44
-120.51
-120.59
-120.66
-120.74
-120.04
-120.10
-120.15
-120.21
-120.26
-120.32
-120.38
-120.43
-120.49
-120.02
-120.06
-120.10
-120.14
-120.18
-120.21
-120.25
-120.29
-120.33
-120.37
-120.01
-120.03
-120.05
-120.06
-120.08
-120.10
-120.12
-120.14
-120.15
-120.17
-120.00
-120.00
-119.99
-119.99
-119.99
-119.99
-119.99
-119.98
-119.98
-119.98
-119.93
-119.91
-119.89
-119.86
-119.84
-119.82
-119.80
-119.78
-119.76
-119.74
-119.68
-119.65
-119.61
-119.57
-119.53
-119.49
-119.45
-119.41
-119.37
-119.33
-119.26
-119.20
-119.15
-119.09
-119.04
-118.98
-118.92
-118.87
-118.81
-118.76
-118.66
-118.59
-118.52
-118.44
-118.37
-118.30
-118.23
-118.16
-118.09
-118.02
-117.94
-117.85
-117.76
-117.68
-117.59
-117.50
-117.42
-117.33
-117.25
-117.16
-117.05
-116.95
-116.85
-116.75
-116.65
-116.55
-116.44
-116.34
-116.24
-116.14
-116.03
-115.92
-115.80
-115.69
-115.58
-115.47
-115.35
-115.24
-115.13
-115.02
-114.90
-114.77
-114.65
-114.52
-114.39
-114.27
-114.14
-114.02
-113.89
-113.77
-113.64
-113.44
-113.31
-113.17
-113.03
-112.90
-112.76
-112.62
-112.48
-112.35
-112.21
-112.00
-111.86
-111.71
-111.56
-111.41
-111.26
-111.12
-110.97
-110.82
-110.67
-110.50
-110.35
-110.19
-110.03
-109.87
-109.71
-109.56
-109.40
-109.24
-109.08
-108.89
-108.72
-108.55
-108.38
-108.21
-108.04
-107.87
-107.70
-107.53
-107.36
-107.14
-106.96
-106.78
-106.60
-106.42
-106.24
-106.06
-105.88
-105.70
-105.52
-105.29
-105.10
-104.91
-104.72
-104.53
-104.34
-104.15
-103.96
-103.77
-103.55
-103.35
-103.16
-102.96
-102.76
-102.56
-102.36
-102.16
-101.96
-101.76
-101.53
-101.32
-101.11
-100.90
-100.69
-100.48
-100.27
-100.07
-99.86
-99.65
-99.43
-99.21
-98.99
-98.77
-98.55
-98.33
-98.12
-97.90
-97.68
-97.46
-97.22
-96.99
-96.76
-96.53
-96.31
-96.08
-95.85
-95.62
-95.40
-95.17
-94.89
-94.65
-94.41
-94.18
-93.94
-93.70
-93.46
-93.23
-92.99
-92.75
-92.49
-92.25
-92.00
-91.75
-91.50
-91.26
-91.01
-90.76
-90.51
-90.27
-89.99
-89.73
-89.47
-89.22
-88.96
-88.70
-88.45
-88.19
-87.93
-87.67
-87.37
-87.11
-86.84
-86.57
-86.30
-86.04
-85.77
-85.50
-85.23
-84.97
-84.68
-84.40
-84.12
-83.84
-83.56
-83.28
-83.00
-82.72
-82.45
-82.17
-81.88
-81.59
-81.30
-81.01
-80.72
-80.43
-80.14
-79.85
-79.56
-79.27
-78.95
-78.65
-78.35
-78.05
-77.75
-77.45
-77.15
-76.85
-76.55
-76.24
-75.94
-75.60
-75.29
-74.97
-74.66
-74.35
-74.04
-73.72
-73.41
-73.10
-72.79
-72.43
-72.10
-71.78
-71.46
-71.13
-70.81
-70.48
-70.16
-69.84
-69.51
-69.14
-68.80
-68.47
-68.13
-67.79
-67.45
-67.12
-66.78
-66.44
-66.10
-65.72
-65.37
-65.01
-64.66
-64.30
-63.95
-63.59
-63.24
-62.88
-62.53
-62.14
-61.77
-61.40
-61.03
-60.66
-60.29
-59.92
-59.56
-59.19
-58.78
-58.39
-58.00
-57.61
-57.22
-56.83
-56.44
-56.06
-55.67
-55.28
-54.84
-54.44
-54.03
-53.62
-53.21
-52.81
-52.40
-51.99
-51.58
-51.18
-50.70
-50.26
-49.83
-49.40
-48.96
-48.53
-48.10
-47.66
-47.23
-46.80
-46.34
-45.87
-45.41
-44.95
-44.48
-44.02
-43.56
-43.09
-42.63
-42.17
-41.68
-41.17
-40.67
-40.17
-39.67
-39.17
-38.67
-38.17
-37.67
-37.17
-36.63
-36.07
-35.51
-34.95
-34.39
-33.83
-33.27
-32.71
-32.15
-31.59
-30.95
-30.29
-29.64
-28.99
-28.33
-27.68
-27.02
-26.37
-25.72
-25.06
-24.37
-23.56
-22.75
-21.93
-21.12
-20.31
-19.49
-18.68
-17.87
-17.06
-16.13
-14.82
-13.52
-12.22
-10.92
-9.62
-8.32
-7.02
-5.72
-4.42
-1.15
19.98
41.10
62.23
83.36
104.48
125.61
146.73
167.86
105.83
46.97
45.64
44.31
42.98
41.65
40.32
38.99
37.65
36.32
34.99
33.66
32.06
30.48
28.90
27.32
25.74
24.16
22.58
21.00
19.42
17.84
15.14
12.41
9.68
6.96
4.22
1.50
-1.23
-3.96
-6.69
-9.42
-10.46
-11.27
-12.07
-12.88
-13.68
-14.49
-15.29
-16.10
-16.90
-17.71
-17.63
-17.40
-17.17
-16.93
-16.70
-16.47
-16.23
-16.00
-15.77
-15.53
-15.19
-14.88
-14.56
-14.24
-13.92
-13.61
-13.29
-12.97
-12.65
-12.33
-11.99
-11.63
-11.27
-10.91
-10.56
-10.20
-9.84
-9.48
-9.12
-8.61
-8.06
-7.52
-6.97
-6.43
-5.88
-5.34
-4.79
-4.25
-3.70
-2.98
-2.23
-1.47
-0.72
0.04
0.79
1.55
2.30
3.01
1.94
1.43
1.52
1.61
1.70
1.55
1.27
0.99
0.71
0.42
0.14
0.18
0.58
0.98
1.38
1.78
1.82
1.42
1.02
0.62
0.22
-0.72
-2.72
-4.72
-6.72
-8.72
-9.28
-7.28
-5.28
-3.28
-1.28
0.13
0.53
0.93
1.33
1.73
1.87
1.47
1.07
0.67
0.27
0.12
0.52
0.92
1.32
1.72
1.88
1.48
1.08
0.68
0.28
0.09
0.49
0.89
1.29
1.69
1.91
1.51
1.11
0.71
0.31
-0.26
-2.26
-4.26
-6.25
-8.26
-9.74
-7.74
-5.74
-3.74
-1.74
0.04
0.44
0.84
1.24
1.64
1.96
1.56
1.16
0.76
0.36
0.00
0.40
0.80
1.20
1.60
2.00
1.60
1.20
0.80
0.40
-0.00
0.39
0.79
1.19
1.59
1.99
1.61
1.21
0.81
0.41
0.01
-1.76
-3.76
-5.76
-7.76
-9.76
-8.24
-6.24
-4.24
-2.24
-0.24
0.34
0.74
1.14
1.54
1.94
1.66
1.26
0.86
0.46
0.06
0.30
0.70
1.10
1.50
1.90
1.70
1.30
0.90
0.50
0.10
0.29
0.69
1.09
1.49
1.89
1.71
1.31
0.91
0.51
-1.08
-3.30
-5.52
-7.74
-9.96
-8.29
-6.38
-4.48
-2.58
-0.67
0.29
0.68
1.07
1.46
1.85
1.73
1.34
0.94
0.55
0.16
0.22
0.62
1.02
1.42
1.82
1.78
1.39
0.98
0.58
0.18
0.19
0.59
0.99
1.39
1.79
1.81
1.41
1.01
0.61
0.21
-0.79
-2.79
-4.79
-6.79
-8.79
-9.21
-7.21
-5.21
-3.21
-1.21
0.20
0.59
0.98
1.37
1.76
1.82
1.43
1.04
0.64
0.25
0.11
0.51
0.91
1.31
1.71
1.89
1.49
1.09
0.69
0.29
0.10
0.50
0.90
1.30
1.70
1.90
1.50
1.10
0.70
0.30
-0.29
-2.30
-4.30
-6.30
-8.30
-9.70
-7.71
-5.70
-3.71
-1.71
0.10
0.49
0.88
1.27
1.66
1.92
1.53
1.14
0.74
0.35
0.01
0.41
0.81
1.21
1.61
1.99
1.59
1.19
0.79
0.39
0.00
0.40
0.80
1.20
1.60
2.00
1.60
1.20
0.80
0.40
-0.00
-1.80
-3.80
-5.80
-7.80
-9.80
-8.20
-6.20
-4.20
-2.20
-0.20
0.40
0.79
1.17
1.56
1.95
1.63
1.23
0.84
0.45
0.05
0.32
0.72
1.12
1.52
1.92
1.68
1.28
0.88
0.48
0.08
0.31
0.71
1.11
1.51
1.91
1.69
1.29
0.89
0.49
-1.14
-3.36
-5.58
-7.81
-10.03
-8.23
-6.33
-4.43
-2.52
-0.62
0.31
0.69
1.08
1.47
1.86
1.72
1.33
0.93
0.54
0.15
0.22
0.62
1.02
1.42
1.82
1.78
1.38
0.98
0.58
0.18
0.21
0.61
1.01
1.41
1.81
1.79
1.39
0.99
0.59
0.19
-0.87
-2.87
-4.87
-6.87
-8.87
-9.13
-7.13
-5.13
-3.13
-1.13
0.21
0.60
0.99
1.38
1.76
1.82
1.42
1.03
0.64
0.24
0.13
0.53
0.93
1.33
1.73
1.87
1.47
1.07
0.67
0.27
0.12
0.52
0.92
1.32
1.72
1.88
1.48
1.08
0.68
0.28
-0.37
-2.37
-4.37
-6.37
-8.37
-9.63
-7.63
-5.63
-3.63
-1.63
0.11
0.50
0.89
1.28
1.67
1.91
1.52
1.12
0.73
0.34
0.02
0.43
0.83
1.23
1.63
1.98
1.58
1.18
0.78
0.37
0.01
0.41
0.81
1.21
1.61
1.99
1.59
1.19
0.79
0.39
-0.01
-1.84
-3.84
-5.84
-7.84
-9.84
-8.16
-6.16
-4.16
-2.16
-0.16
0.36
0.76
1.16
1.56
1.96
1.64
1.24
0.84
0.44
0.04
0.33
0.73
1.13
1.53
1.93
1.67
1.27
0.87
0.47
0.07
0.32
0.72
1.12
1.52
1.92
1.68
1.28
0.88
0.48
0.08
-1.30
-3.17
-5.04
-6.91
-8.77
-9.47
-7.15
-4.83
-2.52
-1.08
-0.10
0.87
1.85
2.83
3.81
4.27
2.99
1.70
0.42
0.12
0.55
0.97
1.39
1.81
1.83
1.42
1.00
0.59
0.17
0.39
1.11
1.82
2.54
3.26
3.79
3.05
2.32
1.58
0.84
-0.41
-2.25
-4.08
-5.91
-7.74
-6.88
-5.37
-3.85
-2.34
-0.82
0.39
1.30
2.20
3.10
4.00
3.41
2.55
1.70
0.84
-0.02
-0.38
0.12
0.61
1.10
1.60
2.09
1.73
1.26
0.79
0.32
0.21
0.93
1.65
2.36
3.08
3.80
3.24
2.50
1.76
1.02
-0.01
-1.84
-3.67
-5.50
-7.33
-7.22
-5.70
-4.19
-2.67
-1.16
0.20
1.00
1.79
2.58
3.37
3.81
3.02
2.23
1.44
0.65
0.01
0.82
1.63
2.43
3.24
3.98
3.17
2.36
1.55
0.74
-0.09
-1.69
-3.29
-4.89
-6.49
-7.91
-6.31
-4.71
-3.11
-1.51
0.09
0.85
1.64
2.43
3.23
3.95
3.16
2.37
1.58
0.79
0.00
0.68
1.48
2.29
3.10
3.90
3.32
2.50
1.69
0.88
0.07
-1.36
-2.96
-4.56
-6.16
-7.76
-6.64
-5.04
-3.44
-1.84
-0.24
0.65
1.45
2.25
3.05
3.85
3.35
2.55
1.75
0.95
0.15
0.60
1.40
2.20
3.01
3.80
3.40
2.60
1.80
1.00
-0.70
-2.72
-4.74
-6.76
-7.71
-6.26
-4.80
-3.34
-1.89
-0.43
0.60
1.39
2.18
2.96
3.75
3.41
2.63
1.86
1.08
0.30
0.49
1.29
2.09
2.89
3.69
3.52
2.71
1.91
1.11
0.31
-0.85
-2.42
-3.99
-5.55
-7.12
-7.26
-5.64
-4.03
-2.42
-0.80
0.37
1.17
1.97
2.77
3.57
3.63
2.83
2.03
1.23
0.43
0.23
1.04
1.84
2.65
3.46
3.77
2.95
2.14
1.33
0.52
-0.53
-2.13
-3.73
-5.33
-6.93
-7.47
-5.87
-4.27
-2.67
-1.07
0.32
1.11
1.89
2.68
3.46
3.70
2.92
2.14
1.36
0.58
0.17
0.97
1.77
2.57
3.37
3.83
3.03
2.23
1.43
0.63
-0.26
-1.83
-3.40
-4.97
-6.54
-7.86
-6.24
-4.63
-3.02
-1.41
0.08
0.88
1.67
2.48
3.28
3.93
3.13
2.33
1.53
0.72
0.02
0.82
1.63
2.42
3.23
3.98
3.18
2.38
1.58
0.78
-0.02
-1.55
-3.15
-4.75
-6.35
-7.95
-6.45
-4.85
-3.25
-1.65
-0.05
0.78
1.57
2.37
3.16
3.95
3.23
2.44
1.65
0.86
0.07
0.61
1.41
2.22
3.03
3.84
3.39
2.57
1.76
0.95
0.14
-1.22
-2.79
-4.36
-5.93
-7.50
-6.87
-5.26
-3.65
-2.03
-0.42
0.60
1.40
2.20
3.00
3.80
3.40
2.60
1.80
1.00
1.12
1.84
2.55
3.27
3.72
3.03
2.34
1.64
0.95
0.25
-0.95
-2.55
-4.15
-5.75
-7.35
-7.05
-5.45
-3.85
-2.25
-0.65
0.48
1.27
2.07
2.86
3.65
3.53
2.74
1.95
1.16
0.37
0.40
1.20
2.00
2.80
3.60
3.60
2.80
2.00
1.20
0.40
-0.69
-2.25
-3.82
-5.39
-6.96
-7.42
-5.81
-4.20
-2.58
-0.97
0.34
1.13
1.93
2.72
3.51
3.67
2.88
2.09
1.30
0.51
0.16
0.97
1.78
2.58
3.39
3.83
3.02
2.21
1.40
0.59
-0.37
-1.97
-3.57
-5.17
-6.77
-7.63
-6.03
-4.43
-2.83
-1.23
0.15
0.95
1.75
2.55
3.35
3.85
3.05
2.25
1.45
0.65
0.12
0.92
1.73
2.53
3.33
3.88
3.08
2.27
1.47
0.67
-0.10
-1.67
-3.24
-4.81
-6.38
-7.95
-6.41
-4.80
-3.18
-1.57
0.04
0.79
1.59
2.39
3.19
3.99
3.21
2.41
1.61
0.81
0.01
0.67
1.48
2.29
3.10
3.90
3.32
2.51
1.70
0.88
0.07
-1.39
-2.98
-4.58
-6.19
-7.79
-6.61
-5.01
-3.41
-1.81
-0.22
0.73
1.52
2.30
3.09
3.87
3.29
2.51
1.73
0.95
0.17
0.61
1.41
2.21
3.02
3.82
3.39
2.59
1.79
0.99
-0.64
-2.62
-4.60
-6.58
-7.84
-6.37
-4.90
-3.44
-1.97
-0.50
0.51
1.31
2.11
2.91
3.71
3.49
2.69
1.89
1.09
0.29
0.38
1.19
2.00
2.81
3.61
3.61
2.80
1.99
1.18
0.36
-0.76
-2.26
-3.76
-5.25
-6.75
-7.94
-6.07
-4.19
-2.31
-0.43
1.09
2.12
3.16
4.20
5.24
5.16
4.14
3.13
2.11
1.10
-0.12
-1.55
-2.98
-4.42
-5.85
-5.19
-4.06
-2.92
-1.79
-0.66
0.48
1.81
3.15
4.49
5.83
5.18
3.97
2.76
1.55
0.33
-0.92
-2.35
-3.78
-5.21
-6.64
-7.40
-5.94
-4.48
-3.03
-1.57
-0.20
0.64
1.48
2.32
3.16
4.00
3.32
2.45
1.58
0.71
0.10
0.82
1.54
2.26
2.97
3.69
3.35
2.61
1.87
1.13
0.34
-0.98
-2.29
-3.60
-4.92
-6.23
-4.87
-3.51
-2.14
-0.78
0.57
1.74
2.92
4.09
5.26
5.36
4.28
3.20
2.13
1.05
-0.03
1.07
2.27
3.48
4.68
5.88
4.93
3.72
2.50
1.29
0.07
-1.08
-2.28
-3.48
-4.68
-5.88
-4.92
-3.72
-2.52
-1.32
-0.12
1.05
2.24
3.44
4.64
5.83
4.95
3.76
2.58
1.39
0.21
-0.96
-2.15
-3.36
-4.56
-5.76
-5.05
-3.85
-2.65
-1.45
-0.19
1.07
2.32
3.58
4.83
6.08
5.07
3.52
1.98
0.44
-0.81
-2.01
-3.21
-4.41
-5.61
-5.19
-3.99
-2.79
-1.59
-0.39
-0.59
-1.84
-3.10
-4.35
-5.61
-5.25
-4.06
-2.88
-1.70
-0.52
0.65
1.85
3.05
4.25
5.45
5.35
4.15
2.95
1.75
0.55
-0.61
-1.78
-2.95
-4.13
-5.30
-5.48
-4.27
-3.06
-1.86
-0.65
0.53
1.73
2.93
4.12
5.32
5.46
4.27
3.09
1.90
0.72
-0.46
-1.63
-2.81
-3.98
-5.16
-5.63
-4.42
-3.21
-2.01
-0.80
0.37
1.56
2.77
3.97
5.16
5.63
4.43
3.24
2.03
0.83
0.12
1.33
2.53
3.74
4.94
5.91
4.68
3.45
2.22
0.98
-0.22
-1.42
-2.62
-3.82
-5.02
-5.78
-4.58
-3.38
-2.18
-0.98
0.18
1.38
2.57
3.77
4.97
5.81
4.62
3.44
2.25
1.07
-0.10
-1.27
-2.44
-3.62
-4.79
-5.96
-4.80
-3.59
-2.38
-1.17
0.01
1.21
2.41
3.61
4.81
5.99
4.79
3.59
2.39
1.19
-0.01
-1.15
-2.33
-3.50
-4.67
-5.85
-4.92
-3.71
-2.50
-1.29
-0.08
1.08
2.28
3.47
4.67
5.87
4.91
3.73
2.54
1.36
0.17
0.97
2.17
3.37
4.57
5.77
5.03
3.83
2.63
1.43
0.23
-0.95
-2.12
-3.29
-4.47
-5.64
-5.13
-3.92
-2.71
-1.51
-0.23
1.03
2.28
3.54
4.79
6.04
5.11
3.58
2.03
0.49
-0.77
-1.95
-3.12
-4.30
-5.47
-5.31
